-------------------------------------------------------------------------------
Test set: nl.sogyo.mancala.domain.MancalaTest
-------------------------------------------------------------------------------
Tests run: 5, Failures: 0, Errors: 3, Skipped: 0, Time elapsed: 0.144 sec <<< FAILURE!
testEmptyAndPass(nl.sogyo.mancala.domain.MancalaTest)  Time elapsed: 0.031 sec  <<< ERROR!
java.lang.StackOverflowError
	at nl.sogyo.mancala.Bowl.<init>(Bowl.java:20)
	at nl.sogyo.mancala.Bowl.<init>(Bowl.java:20)
	at nl.sogyo.mancala.Bowl.<init>(Bowl.java:20)
	at nl.sogyo.mancala.Bowl.<init>(Bowl.java:20)
	at nl.sogyo.mancala.Bowl.<init>(Bowl.java:20)
	at nl.sogyo.mancala.Bowl.<init>(Bowl.java:20)
	at nl.sogyo.mancala.Bowl.<init>(Bowl.java:20)
	at nl.sogyo.mancala.Bowl.<init>(Bowl.java:20)
	at nl.sogyo.mancala.Bowl.<init>(Bowl.java:20)
	at nl.sogyo.mancala.Bowl.<init>(Bowl.java:20)
	at nl.sogyo.mancala.Bowl.<init>(Bowl.java:20)
	at nl.sogyo.mancala.Bowl.<init>(Bowl.java:20)
	at nl.sogyo.mancala.Bowl.<init>(Bowl.java:20)
	at nl.sogyo.mancala.Bowl.<init>(Bowl.java:20)
	at nl.sogyo.mancala.Bowl.<init>(Bowl.java:20)
	at nl.sogyo.mancala.Bowl.<init>(Bowl.java:20)
	at nl.sogyo.mancala.Bowl.<init>(Bowl.java:20)
	at nl.sogyo.mancala.Bowl.<init>(Bowl.java:20)
	at nl.sogyo.mancala.Bowl.<init>(Bowl.java:20)
	at nl.sogyo.mancala.Bowl.<init>(Bowl.java:20)
	at nl.sogyo.mancala.Bowl.<init>(Bowl.java:20)
	at nl.sogyo.mancala.Bowl.<init>(Bowl.java:20)
	at nl.sogyo.mancala.Bowl.<init>(Bowl.java:20)
	at nl.sogyo.mancala.Bowl.<init>(Bowl.java:20)
	at nl.sogyo.mancala.Bowl.<init>(Bowl.java:20)
	at nl.sogyo.mancala.Bowl.<init>(Bowl.java:20)
	at nl.sogyo.mancala.Bowl.<init>(Bowl.java:20)
	at nl.sogyo.mancala.Bowl.<init>(Bowl.java:20)
	at nl.sogyo.mancala.Bowl.<init>(Bowl.java:20)
	at nl.sogyo.mancala.Bowl.<init>(Bowl.java:20)
	at nl.sogyo.mancala.Bowl.<init>(Bowl.java:20)
	at nl.sogyo.mancala.Bowl.<init>(Bowl.java:20)
	at nl.sogyo.mancala.Bowl.<init>(Bowl.java:20)
	at nl.sogyo.mancala.Bowl.<init>(Bowl.java:20)
	at nl.sogyo.mancala.Bowl.<init>(Bowl.java:20)
	at nl.sogyo.mancala.Bowl.<init>(Bowl.java:20)
	at nl.sogyo.mancala.Bowl.<init>(Bowl.java:20)
	at nl.sogyo.mancala.Bowl.<init>(Bowl.java:20)
	at nl.sogyo.mancala.Bowl.<init>(Bowl.java:20)
	at nl.sogyo.mancala.Bowl.<init>(Bowl.java:20)
	at nl.sogyo.mancala.Bowl.<init>(Bowl.java:20)
	at nl.sogyo.mancala.Bowl.<init>(Bowl.java:20)
	at nl.sogyo.mancala.Bowl.<init>(Bowl.java:20)
	at nl.sogyo.mancala.Bowl.<init>(Bowl.java:20)
	at nl.sogyo.mancala.Bowl.<init>(Bowl.java:20)
	at nl.sogyo.mancala.Bowl.<init>(Bowl.java:20)
	at nl.sogyo.mancala.Bowl.<init>(Bowl.java:20)
	at nl.sogyo.mancala.Bowl.<init>(Bowl.java:20)
	at nl.sogyo.mancala.Bowl.<init>(Bowl.java:20)
	at nl.sogyo.mancala.Bowl.<init>(Bowl.java:20)
	at nl.sogyo.mancala.Bowl.<init>(Bowl.java:20)
	at nl.sogyo.mancala.Bowl.<init>(Bowl.java:20)
	at nl.sogyo.mancala.Bowl.<init>(Bowl.java:20)
	at nl.sogyo.mancala.Bowl.<init>(Bowl.java:20)
	at nl.sogyo.mancala.Bowl.<init>(Bowl.java:20)
	at nl.sogyo.mancala.Bowl.<init>(Bowl.java:20)
	at nl.sogyo.mancala.Bowl.<init>(Bowl.java:20)
	at nl.sogyo.mancala.Bowl.<init>(Bowl.java:20)
	at nl.sogyo.mancala.Bowl.<init>(Bowl.java:20)
	at nl.sogyo.mancala.Bowl.<init>(Bowl.java:20)
	at nl.sogyo.mancala.Bowl.<init>(Bowl.java:20)
	at nl.sogyo.mancala.Bowl.<init>(Bowl.java:20)
	at nl.sogyo.mancala.Bowl.<init>(Bowl.java:20)
	at nl.sogyo.mancala.Bowl.<init>(Bowl.java:20)
	at nl.sogyo.mancala.Bowl.<init>(Bowl.java:20)
	at nl.sogyo.mancala.Bowl.<init>(Bowl.java:20)
	at nl.sogyo.mancala.Bowl.<init>(Bowl.java:20)
	at nl.sogyo.mancala.Bowl.<init>(Bowl.java:20)
	at nl.sogyo.mancala.Bowl.<init>(Bowl.java:20)
	at nl.sogyo.mancala.Bowl.<init>(Bowl.java:20)
	at nl.sogyo.mancala.Bowl.<init>(Bowl.java:20)
	at nl.sogyo.mancala.Bowl.<init>(Bowl.java:20)
	at nl.sogyo.mancala.Bowl.<init>(Bowl.java:20)
	at nl.sogyo.mancala.Bowl.<init>(Bowl.java:20)
	at nl.sogyo.mancala.Bowl.<init>(Bowl.java:20)
	at nl.sogyo.mancala.Bowl.<init>(Bowl.java:20)
	at nl.sogyo.mancala.Bowl.<init>(Bowl.java:20)
	at nl.sogyo.mancala.Bowl.<init>(Bowl.java:20)
	at nl.sogyo.mancala.Bowl.<init>(Bowl.java:20)
	at nl.sogyo.mancala.Bowl.<init>(Bowl.java:20)
	at nl.sogyo.mancala.Bowl.<init>(Bowl.java:20)
	at nl.sogyo.mancala.Bowl.<init>(Bowl.java:20)
	at nl.sogyo.mancala.Bowl.<init>(Bowl.java:20)
	at nl.sogyo.mancala.Bowl.<init>(Bowl.java:20)
	at nl.sogyo.mancala.Bowl.<init>(Bowl.java:20)
	at nl.sogyo.mancala.Bowl.<init>(Bowl.java:20)
	at nl.sogyo.mancala.Bowl.<init>(Bowl.java:20)
	at nl.sogyo.mancala.Bowl.<init>(Bowl.java:20)
	at nl.sogyo.mancala.Bowl.<init>(Bowl.java:20)
	at nl.sogyo.mancala.Bowl.<init>(Bowl.java:20)
	at nl.sogyo.mancala.Bowl.<init>(Bowl.java:20)
	at nl.sogyo.mancala.Bowl.<init>(Bowl.java:20)
	at nl.sogyo.mancala.Bowl.<init>(Bowl.java:20)
	at nl.sogyo.mancala.Bowl.<init>(Bowl.java:20)
	at nl.sogyo.mancala.Bowl.<init>(Bowl.java:20)
	at nl.sogyo.mancala.Bowl.<init>(Bowl.java:20)
	at nl.sogyo.mancala.Bowl.<init>(Bowl.java:20)
	at nl.sogyo.mancala.Bowl.<init>(Bowl.java:20)
	at nl.sogyo.mancala.Bowl.<init>(Bowl.java:20)
	at nl.sogyo.mancala.Bowl.<init>(Bowl.java:20)
	at nl.sogyo.mancala.Bowl.<init>(Bowl.java:20)
	at nl.sogyo.mancala.Bowl.<init>(Bowl.java:20)
	at nl.sogyo.mancala.Bowl.<init>(Bowl.java:20)
	at nl.sogyo.mancala.Bowl.<init>(Bowl.java:20)
	at nl.sogyo.mancala.Bowl.<init>(Bowl.java:20)
	at nl.sogyo.mancala.Bowl.<init>(Bowl.java:20)
	at nl.sogyo.mancala.Bowl.<init>(Bowl.java:20)
	at nl.sogyo.mancala.Bowl.<init>(Bowl.java:20)
	at nl.sogyo.mancala.Bowl.<init>(Bowl.java:20)
	at nl.sogyo.mancala.Bowl.<init>(Bowl.java:20)
	at nl.sogyo.mancala.Bowl.<init>(Bowl.java:20)
	at nl.sogyo.mancala.Bowl.<init>(Bowl.java:20)
	at nl.sogyo.mancala.Bowl.<init>(Bowl.java:20)
	at nl.sogyo.mancala.Bowl.<init>(Bowl.java:20)
	at nl.sogyo.mancala.Bowl.<init>(Bowl.java:20)
	at nl.sogyo.mancala.Bowl.<init>(Bowl.java:20)
	at nl.sogyo.mancala.Bowl.<init>(Bowl.java:20)
	at nl.sogyo.mancala.Bowl.<init>(Bowl.java:20)
	at nl.sogyo.mancala.Bowl.<init>(Bowl.java:20)
	at nl.sogyo.mancala.Bowl.<init>(Bowl.java:20)
	at nl.sogyo.mancala.Bowl.<init>(Bowl.java:20)
	at nl.sogyo.mancala.Bowl.<init>(Bowl.java:20)
	at nl.sogyo.mancala.Bowl.<init>(Bowl.java:20)
	at nl.sogyo.mancala.Bowl.<init>(Bowl.java:20)
	at nl.sogyo.mancala.Bowl.<init>(Bowl.java:20)
	at nl.sogyo.mancala.Bowl.<init>(Bowl.java:20)
	at nl.sogyo.mancala.Bowl.<init>(Bowl.java:20)
	at nl.sogyo.mancala.Bowl.<init>(Bowl.java:20)
	at nl.sogyo.mancala.Bowl.<init>(Bowl.java:20)
	at nl.sogyo.mancala.Bowl.<init>(Bowl.java:20)
	at nl.sogyo.mancala.Bowl.<init>(Bowl.java:20)
	at nl.sogyo.mancala.Bowl.<init>(Bowl.java:20)
	at nl.sogyo.mancala.Bowl.<init>(Bowl.java:20)
	at nl.sogyo.mancala.Bowl.<init>(Bowl.java:20)
	at nl.sogyo.mancala.Bowl.<init>(Bowl.java:20)
	at nl.sogyo.mancala.Bowl.<init>(Bowl.java:20)
	at nl.sogyo.mancala.Bowl.<init>(Bowl.java:20)
	at nl.sogyo.mancala.Bowl.<init>(Bowl.java:20)
	at nl.sogyo.mancala.Bowl.<init>(Bowl.java:20)
	at nl.sogyo.mancala.Bowl.<init>(Bowl.java:20)
	at nl.sogyo.mancala.Bowl.<init>(Bowl.java:20)
	at nl.sogyo.mancala.Bowl.<init>(Bowl.java:20)
	at nl.sogyo.mancala.Bowl.<init>(Bowl.java:20)
	at nl.sogyo.mancala.Bowl.<init>(Bowl.java:20)
	at nl.sogyo.mancala.Bowl.<init>(Bowl.java:20)
	at nl.sogyo.mancala.Bowl.<init>(Bowl.java:20)
	at nl.sogyo.mancala.Bowl.<init>(Bowl.java:20)
	at nl.sogyo.mancala.Bowl.<init>(Bowl.java:20)
	at nl.sogyo.mancala.Bowl.<init>(Bowl.java:20)
	at nl.sogyo.mancala.Bowl.<init>(Bowl.java:20)
	at nl.sogyo.mancala.Bowl.<init>(Bowl.java:20)
	at nl.sogyo.mancala.Bowl.<init>(Bowl.java:20)
	at nl.sogyo.mancala.Bowl.<init>(Bowl.java:20)
	at nl.sogyo.mancala.Bowl.<init>(Bowl.java:20)
	at nl.sogyo.mancala.Bowl.<init>(Bowl.java:20)
	at nl.sogyo.mancala.Bowl.<init>(Bowl.java:20)
	at nl.sogyo.mancala.Bowl.<init>(Bowl.java:20)
	at nl.sogyo.mancala.Bowl.<init>(Bowl.java:20)
	at nl.sogyo.mancala.Bowl.<init>(Bowl.java:20)
	at nl.sogyo.mancala.Bowl.<init>(Bowl.java:20)
	at nl.sogyo.mancala.Bowl.<init>(Bowl.java:20)
	at nl.sogyo.mancala.Bowl.<init>(Bowl.java:20)
	at nl.sogyo.mancala.Bowl.<init>(Bowl.java:20)
	at nl.sogyo.mancala.Bowl.<init>(Bowl.java:20)
	at nl.sogyo.mancala.Bowl.<init>(Bowl.java:20)
	at nl.sogyo.mancala.Bowl.<init>(Bowl.java:20)
	at nl.sogyo.mancala.Bowl.<init>(Bowl.java:20)
	at nl.sogyo.mancala.Bowl.<init>(Bowl.java:20)
	at nl.sogyo.mancala.Bowl.<init>(Bowl.java:20)
	at nl.sogyo.mancala.Bowl.<init>(Bowl.java:20)
	at nl.sogyo.mancala.Bowl.<init>(Bowl.java:20)
	at nl.sogyo.mancala.Bowl.<init>(Bowl.java:20)
	at nl.sogyo.mancala.Bowl.<init>(Bowl.java:20)
	at nl.sogyo.mancala.Bowl.<init>(Bowl.java:20)
	at nl.sogyo.mancala.Bowl.<init>(Bowl.java:20)
	at nl.sogyo.mancala.Bowl.<init>(Bowl.java:20)
	at nl.sogyo.mancala.Bowl.<init>(Bowl.java:20)
	at nl.sogyo.mancala.Bowl.<init>(Bowl.java:20)
	at nl.sogyo.mancala.Bowl.<init>(Bowl.java:20)
	at nl.sogyo.mancala.Bowl.<init>(Bowl.java:20)
	at nl.sogyo.mancala.Bowl.<init>(Bowl.java:20)
	at nl.sogyo.mancala.Bowl.<init>(Bowl.java:20)
	at nl.sogyo.mancala.Bowl.<init>(Bowl.java:20)
	at nl.sogyo.mancala.Bowl.<init>(Bowl.java:20)
	at nl.sogyo.mancala.Bowl.<init>(Bowl.java:20)
	at nl.sogyo.mancala.Bowl.<init>(Bowl.java:20)
	at nl.sogyo.mancala.Bowl.<init>(Bowl.java:20)
	at nl.sogyo.mancala.Bowl.<init>(Bowl.java:20)
	at nl.sogyo.mancala.Bowl.<init>(Bowl.java:20)
	at nl.sogyo.mancala.Bowl.<init>(Bowl.java:20)
	at nl.sogyo.mancala.Bowl.<init>(Bowl.java:20)
	at nl.sogyo.mancala.Bowl.<init>(Bowl.java:20)
	at nl.sogyo.mancala.Bowl.<init>(Bowl.java:20)
	at nl.sogyo.mancala.Bowl.<init>(Bowl.java:20)
	at nl.sogyo.mancala.Bowl.<init>(Bowl.java:20)
	at nl.sogyo.mancala.Bowl.<init>(Bowl.java:20)
	at nl.sogyo.mancala.Bowl.<init>(Bowl.java:20)
	at nl.sogyo.mancala.Bowl.<init>(Bowl.java:20)
	at nl.sogyo.mancala.Bowl.<init>(Bowl.java:20)
	at nl.sogyo.mancala.Bowl.<init>(Bowl.java:20)
	at nl.sogyo.mancala.Bowl.<init>(Bowl.java:20)
	at nl.sogyo.mancala.Bowl.<init>(Bowl.java:20)
	at nl.sogyo.mancala.Bowl.<init>(Bowl.java:20)
	at nl.sogyo.mancala.Bowl.<init>(Bowl.java:20)
	at nl.sogyo.mancala.Bowl.<init>(Bowl.java:20)
	at nl.sogyo.mancala.Bowl.<init>(Bowl.java:20)
	at nl.sogyo.mancala.Bowl.<init>(Bowl.java:20)
	at nl.sogyo.mancala.Bowl.<init>(Bowl.java:20)
	at nl.sogyo.mancala.Bowl.<init>(Bowl.java:20)
	at nl.sogyo.mancala.Bowl.<init>(Bowl.java:20)
	at nl.sogyo.mancala.Bowl.<init>(Bowl.java:20)
	at nl.sogyo.mancala.Bowl.<init>(Bowl.java:20)
	at nl.sogyo.mancala.Bowl.<init>(Bowl.java:20)
	at nl.sogyo.mancala.Bowl.<init>(Bowl.java:20)
	at nl.sogyo.mancala.Bowl.<init>(Bowl.java:20)
	at nl.sogyo.mancala.Bowl.<init>(Bowl.java:20)
	at nl.sogyo.mancala.Bowl.<init>(Bowl.java:20)
	at nl.sogyo.mancala.Bowl.<init>(Bowl.java:20)
	at nl.sogyo.mancala.Bowl.<init>(Bowl.java:20)
	at nl.sogyo.mancala.Bowl.<init>(Bowl.java:20)
	at nl.sogyo.mancala.Bowl.<init>(Bowl.java:20)
	at nl.sogyo.mancala.Bowl.<init>(Bowl.java:20)
	at nl.sogyo.mancala.Bowl.<init>(Bowl.java:20)
	at nl.sogyo.mancala.Bowl.<init>(Bowl.java:20)
	at nl.sogyo.mancala.Bowl.<init>(Bowl.java:20)
	at nl.sogyo.mancala.Bowl.<init>(Bowl.java:20)
	at nl.sogyo.mancala.Bowl.<init>(Bowl.java:20)
	at nl.sogyo.mancala.Bowl.<init>(Bowl.java:20)
	at nl.sogyo.mancala.Bowl.<init>(Bowl.java:20)
	at nl.sogyo.mancala.Bowl.<init>(Bowl.java:20)
	at nl.sogyo.mancala.Bowl.<init>(Bowl.java:20)
	at nl.sogyo.mancala.Bowl.<init>(Bowl.java:20)
	at nl.sogyo.mancala.Bowl.<init>(Bowl.java:20)
	at nl.sogyo.mancala.Bowl.<init>(Bowl.java:20)
	at nl.sogyo.mancala.Bowl.<init>(Bowl.java:20)
	at nl.sogyo.mancala.Bowl.<init>(Bowl.java:20)
	at nl.sogyo.mancala.Bowl.<init>(Bowl.java:20)
	at nl.sogyo.mancala.Bowl.<init>(Bowl.java:20)
	at nl.sogyo.mancala.Bowl.<init>(Bowl.java:20)
	at nl.sogyo.mancala.Bowl.<init>(Bowl.java:20)
	at nl.sogyo.mancala.Bowl.<init>(Bowl.java:20)
	at nl.sogyo.mancala.Bowl.<init>(Bowl.java:20)
	at nl.sogyo.mancala.Bowl.<init>(Bowl.java:20)
	at nl.sogyo.mancala.Bowl.<init>(Bowl.java:20)
	at nl.sogyo.mancala.Bowl.<init>(Bowl.java:20)
	at nl.sogyo.mancala.Bowl.<init>(Bowl.java:20)
	at nl.sogyo.mancala.Bowl.<init>(Bowl.java:20)
	at nl.sogyo.mancala.Bowl.<init>(Bowl.java:20)
	at nl.sogyo.mancala.Bowl.<init>(Bowl.java:20)
	at nl.sogyo.mancala.Bowl.<init>(Bowl.java:20)
	at nl.sogyo.mancala.Bowl.<init>(Bowl.java:20)
	at nl.sogyo.mancala.Bowl.<init>(Bowl.java:20)
	at nl.sogyo.mancala.Bowl.<init>(Bowl.java:20)
	at nl.sogyo.mancala.Bowl.<init>(Bowl.java:20)
	at nl.sogyo.mancala.Bowl.<init>(Bowl.java:20)
	at nl.sogyo.mancala.Bowl.<init>(Bowl.java:20)
	at nl.sogyo.mancala.Bowl.<init>(Bowl.java:20)
	at nl.sogyo.mancala.Bowl.<init>(Bowl.java:20)
	at nl.sogyo.mancala.Bowl.<init>(Bowl.java:20)
	at nl.sogyo.mancala.Bowl.<init>(Bowl.java:20)
	at nl.sogyo.mancala.Bowl.<init>(Bowl.java:20)
	at nl.sogyo.mancala.Bowl.<init>(Bowl.java:20)
	at nl.sogyo.mancala.Bowl.<init>(Bowl.java:20)
	at nl.sogyo.mancala.Bowl.<init>(Bowl.java:20)
	at nl.sogyo.mancala.Bowl.<init>(Bowl.java:20)
	at nl.sogyo.mancala.Bowl.<init>(Bowl.java:20)
	at nl.sogyo.mancala.Bowl.<init>(Bowl.java:20)
	at nl.sogyo.mancala.Bowl.<init>(Bowl.java:20)
	at nl.sogyo.mancala.Bowl.<init>(Bowl.java:20)
	at nl.sogyo.mancala.Bowl.<init>(Bowl.java:20)
	at nl.sogyo.mancala.Bowl.<init>(Bowl.java:20)
	at nl.sogyo.mancala.Bowl.<init>(Bowl.java:20)
	at nl.sogyo.mancala.Bowl.<init>(Bowl.java:20)
	at nl.sogyo.mancala.Bowl.<init>(Bowl.java:20)
	at nl.sogyo.mancala.Bowl.<init>(Bowl.java:20)
	at nl.sogyo.mancala.Bowl.<init>(Bowl.java:20)
	at nl.sogyo.mancala.Bowl.<init>(Bowl.java:20)
	at nl.sogyo.mancala.Bowl.<init>(Bowl.java:20)
	at nl.sogyo.mancala.Bowl.<init>(Bowl.java:20)
	at nl.sogyo.mancala.Bowl.<init>(Bowl.java:20)
	at nl.sogyo.mancala.Bowl.<init>(Bowl.java:20)
	at nl.sogyo.mancala.Bowl.<init>(Bowl.java:20)
	at nl.sogyo.mancala.Bowl.<init>(Bowl.java:20)
	at nl.sogyo.mancala.Bowl.<init>(Bowl.java:20)
	at nl.sogyo.mancala.Bowl.<init>(Bowl.java:20)
	at nl.sogyo.mancala.Bowl.<init>(Bowl.java:20)
	at nl.sogyo.mancala.Bowl.<init>(Bowl.java:20)
	at nl.sogyo.mancala.Bowl.<init>(Bowl.java:20)
	at nl.sogyo.mancala.Bowl.<init>(Bowl.java:20)
	at nl.sogyo.mancala.Bowl.<init>(Bowl.java:20)
	at nl.sogyo.mancala.Bowl.<init>(Bowl.java:20)
	at nl.sogyo.mancala.Bowl.<init>(Bowl.java:20)
	at nl.sogyo.mancala.Bowl.<init>(Bowl.java:20)
	at nl.sogyo.mancala.Bowl.<init>(Bowl.java:20)
	at nl.sogyo.mancala.Bowl.<init>(Bowl.java:20)
	at nl.sogyo.mancala.Bowl.<init>(Bowl.java:20)
	at nl.sogyo.mancala.Bowl.<init>(Bowl.java:20)
	at nl.sogyo.mancala.Bowl.<init>(Bowl.java:20)
	at nl.sogyo.mancala.Bowl.<init>(Bowl.java:20)
	at nl.sogyo.mancala.Bowl.<init>(Bowl.java:20)
	at nl.sogyo.mancala.Bowl.<init>(Bowl.java:20)
	at nl.sogyo.mancala.Bowl.<init>(Bowl.java:20)
	at nl.sogyo.mancala.Bowl.<init>(Bowl.java:20)
	at nl.sogyo.mancala.Bowl.<init>(Bowl.java:20)
	at nl.sogyo.mancala.Bowl.<init>(Bowl.java:20)
	at nl.sogyo.mancala.Bowl.<init>(Bowl.java:20)
	at nl.sogyo.mancala.Bowl.<init>(Bowl.java:20)
	at nl.sogyo.mancala.Bowl.<init>(Bowl.java:20)
	at nl.sogyo.mancala.Bowl.<init>(Bowl.java:20)
	at nl.sogyo.mancala.Bowl.<init>(Bowl.java:20)
	at nl.sogyo.mancala.Bowl.<init>(Bowl.java:20)
	at nl.sogyo.mancala.Bowl.<init>(Bowl.java:20)
	at nl.sogyo.mancala.Bowl.<init>(Bowl.java:20)
	at nl.sogyo.mancala.Bowl.<init>(Bowl.java:20)
	at nl.sogyo.mancala.Bowl.<init>(Bowl.java:20)
	at nl.sogyo.mancala.Bowl.<init>(Bowl.java:20)
	at nl.sogyo.mancala.Bowl.<init>(Bowl.java:20)
	at nl.sogyo.mancala.Bowl.<init>(Bowl.java:20)
	at nl.sogyo.mancala.Bowl.<init>(Bowl.java:20)
	at nl.sogyo.mancala.Bowl.<init>(Bowl.java:20)
	at nl.sogyo.mancala.Bowl.<init>(Bowl.java:20)
	at nl.sogyo.mancala.Bowl.<init>(Bowl.java:20)
	at nl.sogyo.mancala.Bowl.<init>(Bowl.java:20)
	at nl.sogyo.mancala.Bowl.<init>(Bowl.java:20)
	at nl.sogyo.mancala.Bowl.<init>(Bowl.java:20)
	at nl.sogyo.mancala.Bowl.<init>(Bowl.java:20)
	at nl.sogyo.mancala.Bowl.<init>(Bowl.java:20)
	at nl.sogyo.mancala.Bowl.<init>(Bowl.java:20)
	at nl.sogyo.mancala.Bowl.<init>(Bowl.java:20)
	at nl.sogyo.mancala.Bowl.<init>(Bowl.java:20)
	at nl.sogyo.mancala.Bowl.<init>(Bowl.java:20)
	at nl.sogyo.mancala.Bowl.<init>(Bowl.java:20)
	at nl.sogyo.mancala.Bowl.<init>(Bowl.java:20)
	at nl.sogyo.mancala.Bowl.<init>(Bowl.java:20)
	at nl.sogyo.mancala.Bowl.<init>(Bowl.java:20)
	at nl.sogyo.mancala.Bowl.<init>(Bowl.java:20)
	at nl.sogyo.mancala.Bowl.<init>(Bowl.java:20)
	at nl.sogyo.mancala.Bowl.<init>(Bowl.java:20)
	at nl.sogyo.mancala.Bowl.<init>(Bowl.java:20)
	at nl.sogyo.mancala.Bowl.<init>(Bowl.java:20)
	at nl.sogyo.mancala.Bowl.<init>(Bowl.java:20)
	at nl.sogyo.mancala.Bowl.<init>(Bowl.java:20)
	at nl.sogyo.mancala.Bowl.<init>(Bowl.java:20)
	at nl.sogyo.mancala.Bowl.<init>(Bowl.java:20)
	at nl.sogyo.mancala.Bowl.<init>(Bowl.java:20)
	at nl.sogyo.mancala.Bowl.<init>(Bowl.java:20)
	at nl.sogyo.mancala.Bowl.<init>(Bowl.java:20)
	at nl.sogyo.mancala.Bowl.<init>(Bowl.java:20)
	at nl.sogyo.mancala.Bowl.<init>(Bowl.java:20)
	at nl.sogyo.mancala.Bowl.<init>(Bowl.java:20)
	at nl.sogyo.mancala.Bowl.<init>(Bowl.java:20)
	at nl.sogyo.mancala.Bowl.<init>(Bowl.java:20)
	at nl.sogyo.mancala.Bowl.<init>(Bowl.java:20)
	at nl.sogyo.mancala.Bowl.<init>(Bowl.java:20)
	at nl.sogyo.mancala.Bowl.<init>(Bowl.java:20)
	at nl.sogyo.mancala.Bowl.<init>(Bowl.java:20)
	at nl.sogyo.mancala.Bowl.<init>(Bowl.java:20)
	at nl.sogyo.mancala.Bowl.<init>(Bowl.java:20)
	at nl.sogyo.mancala.Bowl.<init>(Bowl.java:20)
	at nl.sogyo.mancala.Bowl.<init>(Bowl.java:20)
	at nl.sogyo.mancala.Bowl.<init>(Bowl.java:20)
	at nl.sogyo.mancala.Bowl.<init>(Bowl.java:20)
	at nl.sogyo.mancala.Bowl.<init>(Bowl.java:20)
	at nl.sogyo.mancala.Bowl.<init>(Bowl.java:20)
	at nl.sogyo.mancala.Bowl.<init>(Bowl.java:20)
	at nl.sogyo.mancala.Bowl.<init>(Bowl.java:20)
	at nl.sogyo.mancala.Bowl.<init>(Bowl.java:20)
	at nl.sogyo.mancala.Bowl.<init>(Bowl.java:20)
	at nl.sogyo.mancala.Bowl.<init>(Bowl.java:20)
	at nl.sogyo.mancala.Bowl.<init>(Bowl.java:20)
	at nl.sogyo.mancala.Bowl.<init>(Bowl.java:20)
	at nl.sogyo.mancala.Bowl.<init>(Bowl.java:20)
	at nl.sogyo.mancala.Bowl.<init>(Bowl.java:20)
	at nl.sogyo.mancala.Bowl.<init>(Bowl.java:20)
	at nl.sogyo.mancala.Bowl.<init>(Bowl.java:20)
	at nl.sogyo.mancala.Bowl.<init>(Bowl.java:20)
	at nl.sogyo.mancala.Bowl.<init>(Bowl.java:20)
	at nl.sogyo.mancala.Bowl.<init>(Bowl.java:20)
	at nl.sogyo.mancala.Bowl.<init>(Bowl.java:20)
	at nl.sogyo.mancala.Bowl.<init>(Bowl.java:20)
	at nl.sogyo.mancala.Bowl.<init>(Bowl.java:20)
	at nl.sogyo.mancala.Bowl.<init>(Bowl.java:20)
	at nl.sogyo.mancala.Bowl.<init>(Bowl.java:20)
	at nl.sogyo.mancala.Bowl.<init>(Bowl.java:20)
	at nl.sogyo.mancala.Bowl.<init>(Bowl.java:20)
	at nl.sogyo.mancala.Bowl.<init>(Bowl.java:20)
	at nl.sogyo.mancala.Bowl.<init>(Bowl.java:20)
	at nl.sogyo.mancala.Bowl.<init>(Bowl.java:20)
	at nl.sogyo.mancala.Bowl.<init>(Bowl.java:20)
	at nl.sogyo.mancala.Bowl.<init>(Bowl.java:20)
	at nl.sogyo.mancala.Bowl.<init>(Bowl.java:20)
	at nl.sogyo.mancala.Bowl.<init>(Bowl.java:20)
	at nl.sogyo.mancala.Bowl.<init>(Bowl.java:20)
	at nl.sogyo.mancala.Bowl.<init>(Bowl.java:20)
	at nl.sogyo.mancala.Bowl.<init>(Bowl.java:20)
	at nl.sogyo.mancala.Bowl.<init>(Bowl.java:20)
	at nl.sogyo.mancala.Bowl.<init>(Bowl.java:20)
	at nl.sogyo.mancala.Bowl.<init>(Bowl.java:20)
	at nl.sogyo.mancala.Bowl.<init>(Bowl.java:20)
	at nl.sogyo.mancala.Bowl.<init>(Bowl.java:20)
	at nl.sogyo.mancala.Bowl.<init>(Bowl.java:20)
	at nl.sogyo.mancala.Bowl.<init>(Bowl.java:20)
	at nl.sogyo.mancala.Bowl.<init>(Bowl.java:20)
	at nl.sogyo.mancala.Bowl.<init>(Bowl.java:20)
	at nl.sogyo.mancala.Bowl.<init>(Bowl.java:20)
	at nl.sogyo.mancala.Bowl.<init>(Bowl.java:20)
	at nl.sogyo.mancala.Bowl.<init>(Bowl.java:20)
	at nl.sogyo.mancala.Bowl.<init>(Bowl.java:20)
	at nl.sogyo.mancala.Bowl.<init>(Bowl.java:20)
	at nl.sogyo.mancala.Bowl.<init>(Bowl.java:20)
	at nl.sogyo.mancala.Bowl.<init>(Bowl.java:20)
	at nl.sogyo.mancala.Bowl.<init>(Bowl.java:20)
	at nl.sogyo.mancala.Bowl.<init>(Bowl.java:20)
	at nl.sogyo.mancala.Bowl.<init>(Bowl.java:20)
	at nl.sogyo.mancala.Bowl.<init>(Bowl.java:20)
	at nl.sogyo.mancala.Bowl.<init>(Bowl.java:20)
	at nl.sogyo.mancala.Bowl.<init>(Bowl.java:20)
	at nl.sogyo.mancala.Bowl.<init>(Bowl.java:20)
	at nl.sogyo.mancala.Bowl.<init>(Bowl.java:20)
	at nl.sogyo.mancala.Bowl.<init>(Bowl.java:20)
	at nl.sogyo.mancala.Bowl.<init>(Bowl.java:20)
	at nl.sogyo.mancala.Bowl.<init>(Bowl.java:20)
	at nl.sogyo.mancala.Bowl.<init>(Bowl.java:20)
	at nl.sogyo.mancala.Bowl.<init>(Bowl.java:20)
	at nl.sogyo.mancala.Bowl.<init>(Bowl.java:20)
	at nl.sogyo.mancala.Bowl.<init>(Bowl.java:20)
	at nl.sogyo.mancala.Bowl.<init>(Bowl.java:20)
	at nl.sogyo.mancala.Bowl.<init>(Bowl.java:20)
	at nl.sogyo.mancala.Bowl.<init>(Bowl.java:20)
	at nl.sogyo.mancala.Bowl.<init>(Bowl.java:20)
	at nl.sogyo.mancala.Bowl.<init>(Bowl.java:20)
	at nl.sogyo.mancala.Bowl.<init>(Bowl.java:20)
	at nl.sogyo.mancala.Bowl.<init>(Bowl.java:20)
	at nl.sogyo.mancala.Bowl.<init>(Bowl.java:20)
	at nl.sogyo.mancala.Bowl.<init>(Bowl.java:20)
	at nl.sogyo.mancala.Bowl.<init>(Bowl.java:20)
	at nl.sogyo.mancala.Bowl.<init>(Bowl.java:20)
	at nl.sogyo.mancala.Bowl.<init>(Bowl.java:20)
	at nl.sogyo.mancala.Bowl.<init>(Bowl.java:20)
	at nl.sogyo.mancala.Bowl.<init>(Bowl.java:20)
	at nl.sogyo.mancala.Bowl.<init>(Bowl.java:20)
	at nl.sogyo.mancala.Bowl.<init>(Bowl.java:20)
	at nl.sogyo.mancala.Bowl.<init>(Bowl.java:20)
	at nl.sogyo.mancala.Bowl.<init>(Bowl.java:20)
	at nl.sogyo.mancala.Bowl.<init>(Bowl.java:20)
	at nl.sogyo.mancala.Bowl.<init>(Bowl.java:20)
	at nl.sogyo.mancala.Bowl.<init>(Bowl.java:20)
	at nl.sogyo.mancala.Bowl.<init>(Bowl.java:20)
	at nl.sogyo.mancala.Bowl.<init>(Bowl.java:20)
	at nl.sogyo.mancala.Bowl.<init>(Bowl.java:20)
	at nl.sogyo.mancala.Bowl.<init>(Bowl.java:20)
	at nl.sogyo.mancala.Bowl.<init>(Bowl.java:20)
	at nl.sogyo.mancala.Bowl.<init>(Bowl.java:20)
	at nl.sogyo.mancala.Bowl.<init>(Bowl.java:20)
	at nl.sogyo.mancala.Bowl.<init>(Bowl.java:20)
	at nl.sogyo.mancala.Bowl.<init>(Bowl.java:20)
	at nl.sogyo.mancala.Bowl.<init>(Bowl.java:20)
	at nl.sogyo.mancala.Bowl.<init>(Bowl.java:20)
	at nl.sogyo.mancala.Bowl.<init>(Bowl.java:20)
	at nl.sogyo.mancala.Bowl.<init>(Bowl.java:20)
	at nl.sogyo.mancala.Bowl.<init>(Bowl.java:20)
	at nl.sogyo.mancala.Bowl.<init>(Bowl.java:20)
	at nl.sogyo.mancala.Bowl.<init>(Bowl.java:20)
	at nl.sogyo.mancala.Bowl.<init>(Bowl.java:20)
	at nl.sogyo.mancala.Bowl.<init>(Bowl.java:20)
	at nl.sogyo.mancala.Bowl.<init>(Bowl.java:20)
	at nl.sogyo.mancala.Bowl.<init>(Bowl.java:20)
	at nl.sogyo.mancala.Bowl.<init>(Bowl.java:20)
	at nl.sogyo.mancala.Bowl.<init>(Bowl.java:20)
	at nl.sogyo.mancala.Bowl.<init>(Bowl.java:20)
	at nl.sogyo.mancala.Bowl.<init>(Bowl.java:20)
	at nl.sogyo.mancala.Bowl.<init>(Bowl.java:20)
	at nl.sogyo.mancala.Bowl.<init>(Bowl.java:20)
	at nl.sogyo.mancala.Bowl.<init>(Bowl.java:20)
	at nl.sogyo.mancala.Bowl.<init>(Bowl.java:20)
	at nl.sogyo.mancala.Bowl.<init>(Bowl.java:20)
	at nl.sogyo.mancala.Bowl.<init>(Bowl.java:20)
	at nl.sogyo.mancala.Bowl.<init>(Bowl.java:20)
	at nl.sogyo.mancala.Bowl.<init>(Bowl.java:20)
	at nl.sogyo.mancala.Bowl.<init>(Bowl.java:20)
	at nl.sogyo.mancala.Bowl.<init>(Bowl.java:20)
	at nl.sogyo.mancala.Bowl.<init>(Bowl.java:20)
	at nl.sogyo.mancala.Bowl.<init>(Bowl.java:20)
	at nl.sogyo.mancala.Bowl.<init>(Bowl.java:20)
	at nl.sogyo.mancala.Bowl.<init>(Bowl.java:20)
	at nl.sogyo.mancala.Bowl.<init>(Bowl.java:20)
	at nl.sogyo.mancala.Bowl.<init>(Bowl.java:20)
	at nl.sogyo.mancala.Bowl.<init>(Bowl.java:20)
	at nl.sogyo.mancala.Bowl.<init>(Bowl.java:20)
	at nl.sogyo.mancala.Bowl.<init>(Bowl.java:20)
	at nl.sogyo.mancala.Bowl.<init>(Bowl.java:20)
	at nl.sogyo.mancala.Bowl.<init>(Bowl.java:20)
	at nl.sogyo.mancala.Bowl.<init>(Bowl.java:20)
	at nl.sogyo.mancala.Bowl.<init>(Bowl.java:20)
	at nl.sogyo.mancala.Bowl.<init>(Bowl.java:20)
	at nl.sogyo.mancala.Bowl.<init>(Bowl.java:20)
	at nl.sogyo.mancala.Bowl.<init>(Bowl.java:20)
	at nl.sogyo.mancala.Bowl.<init>(Bowl.java:20)
	at nl.sogyo.mancala.Bowl.<init>(Bowl.java:20)
	at nl.sogyo.mancala.Bowl.<init>(Bowl.java:20)
	at nl.sogyo.mancala.Bowl.<init>(Bowl.java:20)
	at nl.sogyo.mancala.Bowl.<init>(Bowl.java:20)
	at nl.sogyo.mancala.Bowl.<init>(Bowl.java:20)
	at nl.sogyo.mancala.Bowl.<init>(Bowl.java:20)
	at nl.sogyo.mancala.Bowl.<init>(Bowl.java:20)
	at nl.sogyo.mancala.Bowl.<init>(Bowl.java:20)
	at nl.sogyo.mancala.Bowl.<init>(Bowl.java:20)
	at nl.sogyo.mancala.Bowl.<init>(Bowl.java:20)
	at nl.sogyo.mancala.Bowl.<init>(Bowl.java:20)
	at nl.sogyo.mancala.Bowl.<init>(Bowl.java:20)
	at nl.sogyo.mancala.Bowl.<init>(Bowl.java:20)
	at nl.sogyo.mancala.Bowl.<init>(Bowl.java:20)
	at nl.sogyo.mancala.Bowl.<init>(Bowl.java:20)
	at nl.sogyo.mancala.Bowl.<init>(Bowl.java:20)
	at nl.sogyo.mancala.Bowl.<init>(Bowl.java:20)
	at nl.sogyo.mancala.Bowl.<init>(Bowl.java:20)
	at nl.sogyo.mancala.Bowl.<init>(Bowl.java:20)
	at nl.sogyo.mancala.Bowl.<init>(Bowl.java:20)
	at nl.sogyo.mancala.Bowl.<init>(Bowl.java:20)
	at nl.sogyo.mancala.Bowl.<init>(Bowl.java:20)
	at nl.sogyo.mancala.Bowl.<init>(Bowl.java:20)
	at nl.sogyo.mancala.Bowl.<init>(Bowl.java:20)
	at nl.sogyo.mancala.Bowl.<init>(Bowl.java:20)
	at nl.sogyo.mancala.Bowl.<init>(Bowl.java:20)
	at nl.sogyo.mancala.Bowl.<init>(Bowl.java:20)
	at nl.sogyo.mancala.Bowl.<init>(Bowl.java:20)
	at nl.sogyo.mancala.Bowl.<init>(Bowl.java:20)
	at nl.sogyo.mancala.Bowl.<init>(Bowl.java:20)
	at nl.sogyo.mancala.Bowl.<init>(Bowl.java:20)
	at nl.sogyo.mancala.Bowl.<init>(Bowl.java:20)
	at nl.sogyo.mancala.Bowl.<init>(Bowl.java:20)
	at nl.sogyo.mancala.Bowl.<init>(Bowl.java:20)
	at nl.sogyo.mancala.Bowl.<init>(Bowl.java:20)
	at nl.sogyo.mancala.Bowl.<init>(Bowl.java:20)
	at nl.sogyo.mancala.Bowl.<init>(Bowl.java:20)
	at nl.sogyo.mancala.Bowl.<init>(Bowl.java:20)
	at nl.sogyo.mancala.Bowl.<init>(Bowl.java:20)
	at nl.sogyo.mancala.Bowl.<init>(Bowl.java:20)
	at nl.sogyo.mancala.Bowl.<init>(Bowl.java:20)
	at nl.sogyo.mancala.Bowl.<init>(Bowl.java:20)
	at nl.sogyo.mancala.Bowl.<init>(Bowl.java:20)
	at nl.sogyo.mancala.Bowl.<init>(Bowl.java:20)
	at nl.sogyo.mancala.Bowl.<init>(Bowl.java:20)
	at nl.sogyo.mancala.Bowl.<init>(Bowl.java:20)
	at nl.sogyo.mancala.Bowl.<init>(Bowl.java:20)
	at nl.sogyo.mancala.Bowl.<init>(Bowl.java:20)
	at nl.sogyo.mancala.Bowl.<init>(Bowl.java:20)
	at nl.sogyo.mancala.Bowl.<init>(Bowl.java:20)
	at nl.sogyo.mancala.Bowl.<init>(Bowl.java:20)
	at nl.sogyo.mancala.Bowl.<init>(Bowl.java:20)
	at nl.sogyo.mancala.Bowl.<init>(Bowl.java:20)
	at nl.sogyo.mancala.Bowl.<init>(Bowl.java:20)
	at nl.sogyo.mancala.Bowl.<init>(Bowl.java:20)
	at nl.sogyo.mancala.Bowl.<init>(Bowl.java:20)
	at nl.sogyo.mancala.Bowl.<init>(Bowl.java:20)
	at nl.sogyo.mancala.Bowl.<init>(Bowl.java:20)
	at nl.sogyo.mancala.Bowl.<init>(Bowl.java:20)
	at nl.sogyo.mancala.Bowl.<init>(Bowl.java:20)
	at nl.sogyo.mancala.Bowl.<init>(Bowl.java:20)
	at nl.sogyo.mancala.Bowl.<init>(Bowl.java:20)
	at nl.sogyo.mancala.Bowl.<init>(Bowl.java:20)
	at nl.sogyo.mancala.Bowl.<init>(Bowl.java:20)
	at nl.sogyo.mancala.Bowl.<init>(Bowl.java:20)
	at nl.sogyo.mancala.Bowl.<init>(Bowl.java:20)
	at nl.sogyo.mancala.Bowl.<init>(Bowl.java:20)
	at nl.sogyo.mancala.Bowl.<init>(Bowl.java:20)
	at nl.sogyo.mancala.Bowl.<init>(Bowl.java:20)
	at nl.sogyo.mancala.Bowl.<init>(Bowl.java:20)
	at nl.sogyo.mancala.Bowl.<init>(Bowl.java:20)
	at nl.sogyo.mancala.Bowl.<init>(Bowl.java:20)
	at nl.sogyo.mancala.Bowl.<init>(Bowl.java:20)
	at nl.sogyo.mancala.Bowl.<init>(Bowl.java:20)
	at nl.sogyo.mancala.Bowl.<init>(Bowl.java:20)
	at nl.sogyo.mancala.Bowl.<init>(Bowl.java:20)
	at nl.sogyo.mancala.Bowl.<init>(Bowl.java:20)
	at nl.sogyo.mancala.Bowl.<init>(Bowl.java:20)
	at nl.sogyo.mancala.Bowl.<init>(Bowl.java:20)
	at nl.sogyo.mancala.Bowl.<init>(Bowl.java:20)
	at nl.sogyo.mancala.Bowl.<init>(Bowl.java:20)
	at nl.sogyo.mancala.Bowl.<init>(Bowl.java:20)
	at nl.sogyo.mancala.Bowl.<init>(Bowl.java:20)
	at nl.sogyo.mancala.Bowl.<init>(Bowl.java:20)
	at nl.sogyo.mancala.Bowl.<init>(Bowl.java:20)
	at nl.sogyo.mancala.Bowl.<init>(Bowl.java:20)
	at nl.sogyo.mancala.Bowl.<init>(Bowl.java:20)
	at nl.sogyo.mancala.Bowl.<init>(Bowl.java:20)
	at nl.sogyo.mancala.Bowl.<init>(Bowl.java:20)
	at nl.sogyo.mancala.Bowl.<init>(Bowl.java:20)
	at nl.sogyo.mancala.Bowl.<init>(Bowl.java:20)
	at nl.sogyo.mancala.Bowl.<init>(Bowl.java:20)
	at nl.sogyo.mancala.Bowl.<init>(Bowl.java:20)
	at nl.sogyo.mancala.Bowl.<init>(Bowl.java:20)
	at nl.sogyo.mancala.Bowl.<init>(Bowl.java:20)
	at nl.sogyo.mancala.Bowl.<init>(Bowl.java:20)
	at nl.sogyo.mancala.Bowl.<init>(Bowl.java:20)
	at nl.sogyo.mancala.Bowl.<init>(Bowl.java:20)
	at nl.sogyo.mancala.Bowl.<init>(Bowl.java:20)
	at nl.sogyo.mancala.Bowl.<init>(Bowl.java:20)
	at nl.sogyo.mancala.Bowl.<init>(Bowl.java:20)
	at nl.sogyo.mancala.Bowl.<init>(Bowl.java:20)
	at nl.sogyo.mancala.Bowl.<init>(Bowl.java:20)
	at nl.sogyo.mancala.Bowl.<init>(Bowl.java:20)
	at nl.sogyo.mancala.Bowl.<init>(Bowl.java:20)
	at nl.sogyo.mancala.Bowl.<init>(Bowl.java:20)
	at nl.sogyo.mancala.Bowl.<init>(Bowl.java:20)
	at nl.sogyo.mancala.Bowl.<init>(Bowl.java:20)
	at nl.sogyo.mancala.Bowl.<init>(Bowl.java:20)
	at nl.sogyo.mancala.Bowl.<init>(Bowl.java:20)
	at nl.sogyo.mancala.Bowl.<init>(Bowl.java:20)
	at nl.sogyo.mancala.Bowl.<init>(Bowl.java:20)
	at nl.sogyo.mancala.Bowl.<init>(Bowl.java:20)
	at nl.sogyo.mancala.Bowl.<init>(Bowl.java:20)
	at nl.sogyo.mancala.Bowl.<init>(Bowl.java:20)
	at nl.sogyo.mancala.Bowl.<init>(Bowl.java:20)
	at nl.sogyo.mancala.Bowl.<init>(Bowl.java:20)
	at nl.sogyo.mancala.Bowl.<init>(Bowl.java:20)
	at nl.sogyo.mancala.Bowl.<init>(Bowl.java:20)
	at nl.sogyo.mancala.Bowl.<init>(Bowl.java:20)
	at nl.sogyo.mancala.Bowl.<init>(Bowl.java:20)
	at nl.sogyo.mancala.Bowl.<init>(Bowl.java:20)
	at nl.sogyo.mancala.Bowl.<init>(Bowl.java:20)
	at nl.sogyo.mancala.Bowl.<init>(Bowl.java:20)
	at nl.sogyo.mancala.Bowl.<init>(Bowl.java:20)
	at nl.sogyo.mancala.Bowl.<init>(Bowl.java:20)
	at nl.sogyo.mancala.Bowl.<init>(Bowl.java:20)
	at nl.sogyo.mancala.Bowl.<init>(Bowl.java:20)
	at nl.sogyo.mancala.Bowl.<init>(Bowl.java:20)
	at nl.sogyo.mancala.Bowl.<init>(Bowl.java:20)
	at nl.sogyo.mancala.Bowl.<init>(Bowl.java:20)
	at nl.sogyo.mancala.Bowl.<init>(Bowl.java:20)
	at nl.sogyo.mancala.Bowl.<init>(Bowl.java:20)
	at nl.sogyo.mancala.Bowl.<init>(Bowl.java:20)
	at nl.sogyo.mancala.Bowl.<init>(Bowl.java:20)
	at nl.sogyo.mancala.Bowl.<init>(Bowl.java:20)
	at nl.sogyo.mancala.Bowl.<init>(Bowl.java:20)
	at nl.sogyo.mancala.Bowl.<init>(Bowl.java:20)
	at nl.sogyo.mancala.Bowl.<init>(Bowl.java:20)
	at nl.sogyo.mancala.Bowl.<init>(Bowl.java:20)
	at nl.sogyo.mancala.Bowl.<init>(Bowl.java:20)
	at nl.sogyo.mancala.Bowl.<init>(Bowl.java:20)
	at nl.sogyo.mancala.Bowl.<init>(Bowl.java:20)
	at nl.sogyo.mancala.Bowl.<init>(Bowl.java:20)
	at nl.sogyo.mancala.Bowl.<init>(Bowl.java:20)
	at nl.sogyo.mancala.Bowl.<init>(Bowl.java:20)
	at nl.sogyo.mancala.Bowl.<init>(Bowl.java:20)
	at nl.sogyo.mancala.Bowl.<init>(Bowl.java:20)
	at nl.sogyo.mancala.Bowl.<init>(Bowl.java:20)
	at nl.sogyo.mancala.Bowl.<init>(Bowl.java:20)
	at nl.sogyo.mancala.Bowl.<init>(Bowl.java:20)
	at nl.sogyo.mancala.Bowl.<init>(Bowl.java:20)
	at nl.sogyo.mancala.Bowl.<init>(Bowl.java:20)
	at nl.sogyo.mancala.Bowl.<init>(Bowl.java:20)
	at nl.sogyo.mancala.Bowl.<init>(Bowl.java:20)
	at nl.sogyo.mancala.Bowl.<init>(Bowl.java:20)
	at nl.sogyo.mancala.Bowl.<init>(Bowl.java:20)
	at nl.sogyo.mancala.Bowl.<init>(Bowl.java:20)
	at nl.sogyo.mancala.Bowl.<init>(Bowl.java:20)
	at nl.sogyo.mancala.Bowl.<init>(Bowl.java:20)
	at nl.sogyo.mancala.Bowl.<init>(Bowl.java:20)
	at nl.sogyo.mancala.Bowl.<init>(Bowl.java:20)
	at nl.sogyo.mancala.Bowl.<init>(Bowl.java:20)
	at nl.sogyo.mancala.Bowl.<init>(Bowl.java:20)
	at nl.sogyo.mancala.Bowl.<init>(Bowl.java:20)
	at nl.sogyo.mancala.Bowl.<init>(Bowl.java:20)
	at nl.sogyo.mancala.Bowl.<init>(Bowl.java:20)
	at nl.sogyo.mancala.Bowl.<init>(Bowl.java:20)
	at nl.sogyo.mancala.Bowl.<init>(Bowl.java:20)
	at nl.sogyo.mancala.Bowl.<init>(Bowl.java:20)
	at nl.sogyo.mancala.Bowl.<init>(Bowl.java:20)
	at nl.sogyo.mancala.Bowl.<init>(Bowl.java:20)
	at nl.sogyo.mancala.Bowl.<init>(Bowl.java:20)
	at nl.sogyo.mancala.Bowl.<init>(Bowl.java:20)
	at nl.sogyo.mancala.Bowl.<init>(Bowl.java:20)
	at nl.sogyo.mancala.Bowl.<init>(Bowl.java:20)
	at nl.sogyo.mancala.Bowl.<init>(Bowl.java:20)
	at nl.sogyo.mancala.Bowl.<init>(Bowl.java:20)
	at nl.sogyo.mancala.Bowl.<init>(Bowl.java:20)
	at nl.sogyo.mancala.Bowl.<init>(Bowl.java:20)
	at nl.sogyo.mancala.Bowl.<init>(Bowl.java:20)
	at nl.sogyo.mancala.Bowl.<init>(Bowl.java:20)
	at nl.sogyo.mancala.Bowl.<init>(Bowl.java:20)
	at nl.sogyo.mancala.Bowl.<init>(Bowl.java:20)
	at nl.sogyo.mancala.Bowl.<init>(Bowl.java:20)
	at nl.sogyo.mancala.Bowl.<init>(Bowl.java:20)
	at nl.sogyo.mancala.Bowl.<init>(Bowl.java:20)
	at nl.sogyo.mancala.Bowl.<init>(Bowl.java:20)
	at nl.sogyo.mancala.Bowl.<init>(Bowl.java:20)
	at nl.sogyo.mancala.Bowl.<init>(Bowl.java:20)
	at nl.sogyo.mancala.Bowl.<init>(Bowl.java:20)
	at nl.sogyo.mancala.Bowl.<init>(Bowl.java:20)
	at nl.sogyo.mancala.Bowl.<init>(Bowl.java:20)
	at nl.sogyo.mancala.Bowl.<init>(Bowl.java:20)
	at nl.sogyo.mancala.Bowl.<init>(Bowl.java:20)
	at nl.sogyo.mancala.Bowl.<init>(Bowl.java:20)
	at nl.sogyo.mancala.Bowl.<init>(Bowl.java:20)
	at nl.sogyo.mancala.Bowl.<init>(Bowl.java:20)
	at nl.sogyo.mancala.Bowl.<init>(Bowl.java:20)
	at nl.sogyo.mancala.Bowl.<init>(Bowl.java:20)
	at nl.sogyo.mancala.Bowl.<init>(Bowl.java:20)
	at nl.sogyo.mancala.Bowl.<init>(Bowl.java:20)
	at nl.sogyo.mancala.Bowl.<init>(Bowl.java:20)
	at nl.sogyo.mancala.Bowl.<init>(Bowl.java:20)
	at nl.sogyo.mancala.Bowl.<init>(Bowl.java:20)
	at nl.sogyo.mancala.Bowl.<init>(Bowl.java:20)
	at nl.sogyo.mancala.Bowl.<init>(Bowl.java:20)
	at nl.sogyo.mancala.Bowl.<init>(Bowl.java:20)
	at nl.sogyo.mancala.Bowl.<init>(Bowl.java:20)
	at nl.sogyo.mancala.Bowl.<init>(Bowl.java:20)
	at nl.sogyo.mancala.Bowl.<init>(Bowl.java:20)
	at nl.sogyo.mancala.Bowl.<init>(Bowl.java:20)
	at nl.sogyo.mancala.Bowl.<init>(Bowl.java:20)
	at nl.sogyo.mancala.Bowl.<init>(Bowl.java:20)
	at nl.sogyo.mancala.Bowl.<init>(Bowl.java:20)
	at nl.sogyo.mancala.Bowl.<init>(Bowl.java:20)
	at nl.sogyo.mancala.Bowl.<init>(Bowl.java:20)
	at nl.sogyo.mancala.Bowl.<init>(Bowl.java:20)
	at nl.sogyo.mancala.Bowl.<init>(Bowl.java:20)
	at nl.sogyo.mancala.Bowl.<init>(Bowl.java:20)
	at nl.sogyo.mancala.Bowl.<init>(Bowl.java:20)
	at nl.sogyo.mancala.Bowl.<init>(Bowl.java:20)
	at nl.sogyo.mancala.Bowl.<init>(Bowl.java:20)
	at nl.sogyo.mancala.Bowl.<init>(Bowl.java:20)
	at nl.sogyo.mancala.Bowl.<init>(Bowl.java:20)
	at nl.sogyo.mancala.Bowl.<init>(Bowl.java:20)
	at nl.sogyo.mancala.Bowl.<init>(Bowl.java:20)
	at nl.sogyo.mancala.Bowl.<init>(Bowl.java:20)
	at nl.sogyo.mancala.Bowl.<init>(Bowl.java:20)
	at nl.sogyo.mancala.Bowl.<init>(Bowl.java:20)
	at nl.sogyo.mancala.Bowl.<init>(Bowl.java:20)
	at nl.sogyo.mancala.Bowl.<init>(Bowl.java:20)
	at nl.sogyo.mancala.Bowl.<init>(Bowl.java:20)
	at nl.sogyo.mancala.Bowl.<init>(Bowl.java:20)
	at nl.sogyo.mancala.Bowl.<init>(Bowl.java:20)
	at nl.sogyo.mancala.Bowl.<init>(Bowl.java:20)
	at nl.sogyo.mancala.Bowl.<init>(Bowl.java:20)
	at nl.sogyo.mancala.Bowl.<init>(Bowl.java:20)
	at nl.sogyo.mancala.Bowl.<init>(Bowl.java:20)
	at nl.sogyo.mancala.Bowl.<init>(Bowl.java:20)
	at nl.sogyo.mancala.Bowl.<init>(Bowl.java:20)
	at nl.sogyo.mancala.Bowl.<init>(Bowl.java:20)
	at nl.sogyo.mancala.Bowl.<init>(Bowl.java:20)
	at nl.sogyo.mancala.Bowl.<init>(Bowl.java:20)
	at nl.sogyo.mancala.Bowl.<init>(Bowl.java:20)
	at nl.sogyo.mancala.Bowl.<init>(Bowl.java:20)
	at nl.sogyo.mancala.Bowl.<init>(Bowl.java:20)
	at nl.sogyo.mancala.Bowl.<init>(Bowl.java:20)
	at nl.sogyo.mancala.Bowl.<init>(Bowl.java:20)
	at nl.sogyo.mancala.Bowl.<init>(Bowl.java:20)
	at nl.sogyo.mancala.Bowl.<init>(Bowl.java:20)
	at nl.sogyo.mancala.Bowl.<init>(Bowl.java:20)
	at nl.sogyo.mancala.Bowl.<init>(Bowl.java:20)
	at nl.sogyo.mancala.Bowl.<init>(Bowl.java:20)
	at nl.sogyo.mancala.Bowl.<init>(Bowl.java:20)
	at nl.sogyo.mancala.Bowl.<init>(Bowl.java:20)
	at nl.sogyo.mancala.Bowl.<init>(Bowl.java:20)
	at nl.sogyo.mancala.Bowl.<init>(Bowl.java:20)
	at nl.sogyo.mancala.Bowl.<init>(Bowl.java:20)
	at nl.sogyo.mancala.Bowl.<init>(Bowl.java:20)
	at nl.sogyo.mancala.Bowl.<init>(Bowl.java:20)
	at nl.sogyo.mancala.Bowl.<init>(Bowl.java:20)
	at nl.sogyo.mancala.Bowl.<init>(Bowl.java:20)
	at nl.sogyo.mancala.Bowl.<init>(Bowl.java:20)
	at nl.sogyo.mancala.Bowl.<init>(Bowl.java:20)
	at nl.sogyo.mancala.Bowl.<init>(Bowl.java:20)
	at nl.sogyo.mancala.Bowl.<init>(Bowl.java:20)
	at nl.sogyo.mancala.Bowl.<init>(Bowl.java:20)
	at nl.sogyo.mancala.Bowl.<init>(Bowl.java:20)
	at nl.sogyo.mancala.Bowl.<init>(Bowl.java:20)
	at nl.sogyo.mancala.Bowl.<init>(Bowl.java:20)
	at nl.sogyo.mancala.Bowl.<init>(Bowl.java:20)
	at nl.sogyo.mancala.Bowl.<init>(Bowl.java:20)
	at nl.sogyo.mancala.Bowl.<init>(Bowl.java:20)
	at nl.sogyo.mancala.Bowl.<init>(Bowl.java:20)
	at nl.sogyo.mancala.Bowl.<init>(Bowl.java:20)
	at nl.sogyo.mancala.Bowl.<init>(Bowl.java:20)
	at nl.sogyo.mancala.Bowl.<init>(Bowl.java:20)
	at nl.sogyo.mancala.Bowl.<init>(Bowl.java:20)
	at nl.sogyo.mancala.Bowl.<init>(Bowl.java:20)
	at nl.sogyo.mancala.Bowl.<init>(Bowl.java:20)
	at nl.sogyo.mancala.Bowl.<init>(Bowl.java:20)
	at nl.sogyo.mancala.Bowl.<init>(Bowl.java:20)
	at nl.sogyo.mancala.Bowl.<init>(Bowl.java:20)
	at nl.sogyo.mancala.Bowl.<init>(Bowl.java:20)
	at nl.sogyo.mancala.Bowl.<init>(Bowl.java:20)
	at nl.sogyo.mancala.Bowl.<init>(Bowl.java:20)
	at nl.sogyo.mancala.Bowl.<init>(Bowl.java:20)
	at nl.sogyo.mancala.Bowl.<init>(Bowl.java:20)
	at nl.sogyo.mancala.Bowl.<init>(Bowl.java:20)
	at nl.sogyo.mancala.Bowl.<init>(Bowl.java:20)
	at nl.sogyo.mancala.Bowl.<init>(Bowl.java:20)
	at nl.sogyo.mancala.Bowl.<init>(Bowl.java:20)
	at nl.sogyo.mancala.Bowl.<init>(Bowl.java:20)
	at nl.sogyo.mancala.Bowl.<init>(Bowl.java:20)
	at nl.sogyo.mancala.Bowl.<init>(Bowl.java:20)
	at nl.sogyo.mancala.Bowl.<init>(Bowl.java:20)
	at nl.sogyo.mancala.Bowl.<init>(Bowl.java:20)
	at nl.sogyo.mancala.Bowl.<init>(Bowl.java:20)
	at nl.sogyo.mancala.Bowl.<init>(Bowl.java:20)
	at nl.sogyo.mancala.Bowl.<init>(Bowl.java:20)
	at nl.sogyo.mancala.Bowl.<init>(Bowl.java:20)
	at nl.sogyo.mancala.Bowl.<init>(Bowl.java:20)
	at nl.sogyo.mancala.Bowl.<init>(Bowl.java:20)
	at nl.sogyo.mancala.Bowl.<init>(Bowl.java:20)
	at nl.sogyo.mancala.Bowl.<init>(Bowl.java:20)
	at nl.sogyo.mancala.Bowl.<init>(Bowl.java:20)
	at nl.sogyo.mancala.Bowl.<init>(Bowl.java:20)
	at nl.sogyo.mancala.Bowl.<init>(Bowl.java:20)
	at nl.sogyo.mancala.Bowl.<init>(Bowl.java:20)
	at nl.sogyo.mancala.Bowl.<init>(Bowl.java:20)
	at nl.sogyo.mancala.Bowl.<init>(Bowl.java:20)
	at nl.sogyo.mancala.Bowl.<init>(Bowl.java:20)
	at nl.sogyo.mancala.Bowl.<init>(Bowl.java:20)
	at nl.sogyo.mancala.Bowl.<init>(Bowl.java:20)
	at nl.sogyo.mancala.Bowl.<init>(Bowl.java:20)
	at nl.sogyo.mancala.Bowl.<init>(Bowl.java:20)
	at nl.sogyo.mancala.Bowl.<init>(Bowl.java:20)
	at nl.sogyo.mancala.Bowl.<init>(Bowl.java:20)
	at nl.sogyo.mancala.Bowl.<init>(Bowl.java:20)
	at nl.sogyo.mancala.Bowl.<init>(Bowl.java:20)
	at nl.sogyo.mancala.Bowl.<init>(Bowl.java:20)
	at nl.sogyo.mancala.Bowl.<init>(Bowl.java:20)
	at nl.sogyo.mancala.Bowl.<init>(Bowl.java:20)
	at nl.sogyo.mancala.Bowl.<init>(Bowl.java:20)
	at nl.sogyo.mancala.Bowl.<init>(Bowl.java:20)
	at nl.sogyo.mancala.Bowl.<init>(Bowl.java:20)
	at nl.sogyo.mancala.Bowl.<init>(Bowl.java:20)
	at nl.sogyo.mancala.Bowl.<init>(Bowl.java:20)
	at nl.sogyo.mancala.Bowl.<init>(Bowl.java:20)
	at nl.sogyo.mancala.Bowl.<init>(Bowl.java:20)
	at nl.sogyo.mancala.Bowl.<init>(Bowl.java:20)
	at nl.sogyo.mancala.Bowl.<init>(Bowl.java:20)
	at nl.sogyo.mancala.Bowl.<init>(Bowl.java:20)
	at nl.sogyo.mancala.Bowl.<init>(Bowl.java:20)
	at nl.sogyo.mancala.Bowl.<init>(Bowl.java:20)
	at nl.sogyo.mancala.Bowl.<init>(Bowl.java:20)
	at nl.sogyo.mancala.Bowl.<init>(Bowl.java:20)
	at nl.sogyo.mancala.Bowl.<init>(Bowl.java:20)
	at nl.sogyo.mancala.Bowl.<init>(Bowl.java:20)
	at nl.sogyo.mancala.Bowl.<init>(Bowl.java:20)
	at nl.sogyo.mancala.Bowl.<init>(Bowl.java:20)
	at nl.sogyo.mancala.Bowl.<init>(Bowl.java:20)
	at nl.sogyo.mancala.Bowl.<init>(Bowl.java:20)
	at nl.sogyo.mancala.Bowl.<init>(Bowl.java:20)
	at nl.sogyo.mancala.Bowl.<init>(Bowl.java:20)
	at nl.sogyo.mancala.Bowl.<init>(Bowl.java:20)
	at nl.sogyo.mancala.Bowl.<init>(Bowl.java:20)
	at nl.sogyo.mancala.Bowl.<init>(Bowl.java:20)
	at nl.sogyo.mancala.Bowl.<init>(Bowl.java:20)
	at nl.sogyo.mancala.Bowl.<init>(Bowl.java:20)
	at nl.sogyo.mancala.Bowl.<init>(Bowl.java:20)
	at nl.sogyo.mancala.Bowl.<init>(Bowl.java:20)
	at nl.sogyo.mancala.Bowl.<init>(Bowl.java:20)
	at nl.sogyo.mancala.Bowl.<init>(Bowl.java:20)
	at nl.sogyo.mancala.Bowl.<init>(Bowl.java:20)
	at nl.sogyo.mancala.Bowl.<init>(Bowl.java:20)
	at nl.sogyo.mancala.Bowl.<init>(Bowl.java:20)
	at nl.sogyo.mancala.Bowl.<init>(Bowl.java:20)
	at nl.sogyo.mancala.Bowl.<init>(Bowl.java:20)
	at nl.sogyo.mancala.Bowl.<init>(Bowl.java:20)
	at nl.sogyo.mancala.Bowl.<init>(Bowl.java:20)
	at nl.sogyo.mancala.Bowl.<init>(Bowl.java:20)
	at nl.sogyo.mancala.Bowl.<init>(Bowl.java:20)
	at nl.sogyo.mancala.Bowl.<init>(Bowl.java:20)
	at nl.sogyo.mancala.Bowl.<init>(Bowl.java:20)
	at nl.sogyo.mancala.Bowl.<init>(Bowl.java:20)
	at nl.sogyo.mancala.Bowl.<init>(Bowl.java:20)
	at nl.sogyo.mancala.Bowl.<init>(Bowl.java:20)
	at nl.sogyo.mancala.Bowl.<init>(Bowl.java:20)
	at nl.sogyo.mancala.Bowl.<init>(Bowl.java:20)
	at nl.sogyo.mancala.Bowl.<init>(Bowl.java:20)
	at nl.sogyo.mancala.Bowl.<init>(Bowl.java:20)
	at nl.sogyo.mancala.Bowl.<init>(Bowl.java:20)
	at nl.sogyo.mancala.Bowl.<init>(Bowl.java:20)
	at nl.sogyo.mancala.Bowl.<init>(Bowl.java:20)
	at nl.sogyo.mancala.Bowl.<init>(Bowl.java:20)
	at nl.sogyo.mancala.Bowl.<init>(Bowl.java:20)
	at nl.sogyo.mancala.Bowl.<init>(Bowl.java:20)
	at nl.sogyo.mancala.Bowl.<init>(Bowl.java:20)
	at nl.sogyo.mancala.Bowl.<init>(Bowl.java:20)
	at nl.sogyo.mancala.Bowl.<init>(Bowl.java:20)
	at nl.sogyo.mancala.Bowl.<init>(Bowl.java:20)
	at nl.sogyo.mancala.Bowl.<init>(Bowl.java:20)
	at nl.sogyo.mancala.Bowl.<init>(Bowl.java:20)
	at nl.sogyo.mancala.Bowl.<init>(Bowl.java:20)
	at nl.sogyo.mancala.Bowl.<init>(Bowl.java:20)
	at nl.sogyo.mancala.Bowl.<init>(Bowl.java:20)
	at nl.sogyo.mancala.Bowl.<init>(Bowl.java:20)
	at nl.sogyo.mancala.Bowl.<init>(Bowl.java:20)
	at nl.sogyo.mancala.Bowl.<init>(Bowl.java:20)
	at nl.sogyo.mancala.Bowl.<init>(Bowl.java:20)
	at nl.sogyo.mancala.Bowl.<init>(Bowl.java:20)
	at nl.sogyo.mancala.Bowl.<init>(Bowl.java:20)
	at nl.sogyo.mancala.Bowl.<init>(Bowl.java:20)
	at nl.sogyo.mancala.Bowl.<init>(Bowl.java:20)
	at nl.sogyo.mancala.Bowl.<init>(Bowl.java:20)
	at nl.sogyo.mancala.Bowl.<init>(Bowl.java:20)
	at nl.sogyo.mancala.Bowl.<init>(Bowl.java:20)
	at nl.sogyo.mancala.Bowl.<init>(Bowl.java:20)
	at nl.sogyo.mancala.Bowl.<init>(Bowl.java:20)
	at nl.sogyo.mancala.Bowl.<init>(Bowl.java:20)
	at nl.sogyo.mancala.Bowl.<init>(Bowl.java:20)
	at nl.sogyo.mancala.Bowl.<init>(Bowl.java:20)
	at nl.sogyo.mancala.Bowl.<init>(Bowl.java:20)
	at nl.sogyo.mancala.Bowl.<init>(Bowl.java:20)
	at nl.sogyo.mancala.Bowl.<init>(Bowl.java:20)
	at nl.sogyo.mancala.Bowl.<init>(Bowl.java:20)
	at nl.sogyo.mancala.Bowl.<init>(Bowl.java:20)
	at nl.sogyo.mancala.Bowl.<init>(Bowl.java:20)
	at nl.sogyo.mancala.Bowl.<init>(Bowl.java:20)
	at nl.sogyo.mancala.Bowl.<init>(Bowl.java:20)
	at nl.sogyo.mancala.Bowl.<init>(Bowl.java:20)
	at nl.sogyo.mancala.Bowl.<init>(Bowl.java:20)
	at nl.sogyo.mancala.Bowl.<init>(Bowl.java:20)
	at nl.sogyo.mancala.Bowl.<init>(Bowl.java:20)
	at nl.sogyo.mancala.Bowl.<init>(Bowl.java:20)
	at nl.sogyo.mancala.Bowl.<init>(Bowl.java:20)
	at nl.sogyo.mancala.Bowl.<init>(Bowl.java:20)
	at nl.sogyo.mancala.Bowl.<init>(Bowl.java:20)
	at nl.sogyo.mancala.Bowl.<init>(Bowl.java:20)
	at nl.sogyo.mancala.Bowl.<init>(Bowl.java:20)
	at nl.sogyo.mancala.Bowl.<init>(Bowl.java:20)
	at nl.sogyo.mancala.Bowl.<init>(Bowl.java:20)
	at nl.sogyo.mancala.Bowl.<init>(Bowl.java:20)
	at nl.sogyo.mancala.Bowl.<init>(Bowl.java:20)
	at nl.sogyo.mancala.Bowl.<init>(Bowl.java:20)
	at nl.sogyo.mancala.Bowl.<init>(Bowl.java:20)
	at nl.sogyo.mancala.Bowl.<init>(Bowl.java:20)
	at nl.sogyo.mancala.Bowl.<init>(Bowl.java:20)
	at nl.sogyo.mancala.Bowl.<init>(Bowl.java:20)
	at nl.sogyo.mancala.Bowl.<init>(Bowl.java:20)
	at nl.sogyo.mancala.Bowl.<init>(Bowl.java:20)
	at nl.sogyo.mancala.Bowl.<init>(Bowl.java:20)
	at nl.sogyo.mancala.Bowl.<init>(Bowl.java:20)
	at nl.sogyo.mancala.Bowl.<init>(Bowl.java:20)
	at nl.sogyo.mancala.Bowl.<init>(Bowl.java:20)
	at nl.sogyo.mancala.Bowl.<init>(Bowl.java:20)
	at nl.sogyo.mancala.Bowl.<init>(Bowl.java:20)
	at nl.sogyo.mancala.Bowl.<init>(Bowl.java:20)
	at nl.sogyo.mancala.Bowl.<init>(Bowl.java:20)
	at nl.sogyo.mancala.Bowl.<init>(Bowl.java:20)
	at nl.sogyo.mancala.Bowl.<init>(Bowl.java:20)
	at nl.sogyo.mancala.Bowl.<init>(Bowl.java:20)
	at nl.sogyo.mancala.Bowl.<init>(Bowl.java:20)
	at nl.sogyo.mancala.Bowl.<init>(Bowl.java:20)
	at nl.sogyo.mancala.Bowl.<init>(Bowl.java:20)
	at nl.sogyo.mancala.Bowl.<init>(Bowl.java:20)
	at nl.sogyo.mancala.Bowl.<init>(Bowl.java:20)
	at nl.sogyo.mancala.Bowl.<init>(Bowl.java:20)
	at nl.sogyo.mancala.Bowl.<init>(Bowl.java:20)
	at nl.sogyo.mancala.Bowl.<init>(Bowl.java:20)
	at nl.sogyo.mancala.Bowl.<init>(Bowl.java:20)
	at nl.sogyo.mancala.Bowl.<init>(Bowl.java:20)
	at nl.sogyo.mancala.Bowl.<init>(Bowl.java:20)
	at nl.sogyo.mancala.Bowl.<init>(Bowl.java:20)
	at nl.sogyo.mancala.Bowl.<init>(Bowl.java:20)
	at nl.sogyo.mancala.Bowl.<init>(Bowl.java:20)
	at nl.sogyo.mancala.Bowl.<init>(Bowl.java:20)
	at nl.sogyo.mancala.Bowl.<init>(Bowl.java:20)
	at nl.sogyo.mancala.Bowl.<init>(Bowl.java:20)
	at nl.sogyo.mancala.Bowl.<init>(Bowl.java:20)
	at nl.sogyo.mancala.Bowl.<init>(Bowl.java:20)
	at nl.sogyo.mancala.Bowl.<init>(Bowl.java:20)
	at nl.sogyo.mancala.Bowl.<init>(Bowl.java:20)
	at nl.sogyo.mancala.Bowl.<init>(Bowl.java:20)
	at nl.sogyo.mancala.Bowl.<init>(Bowl.java:20)
	at nl.sogyo.mancala.Bowl.<init>(Bowl.java:20)
	at nl.sogyo.mancala.Bowl.<init>(Bowl.java:20)
	at nl.sogyo.mancala.Bowl.<init>(Bowl.java:20)
	at nl.sogyo.mancala.Bowl.<init>(Bowl.java:20)
	at nl.sogyo.mancala.Bowl.<init>(Bowl.java:20)
	at nl.sogyo.mancala.Bowl.<init>(Bowl.java:20)
	at nl.sogyo.mancala.Bowl.<init>(Bowl.java:20)
	at nl.sogyo.mancala.Bowl.<init>(Bowl.java:20)
	at nl.sogyo.mancala.Bowl.<init>(Bowl.java:20)
	at nl.sogyo.mancala.Bowl.<init>(Bowl.java:20)
	at nl.sogyo.mancala.Bowl.<init>(Bowl.java:20)
	at nl.sogyo.mancala.Bowl.<init>(Bowl.java:20)
	at nl.sogyo.mancala.Bowl.<init>(Bowl.java:20)
	at nl.sogyo.mancala.Bowl.<init>(Bowl.java:20)
	at nl.sogyo.mancala.Bowl.<init>(Bowl.java:20)
	at nl.sogyo.mancala.Bowl.<init>(Bowl.java:20)
	at nl.sogyo.mancala.Bowl.<init>(Bowl.java:20)
	at nl.sogyo.mancala.Bowl.<init>(Bowl.java:20)
	at nl.sogyo.mancala.Bowl.<init>(Bowl.java:20)
	at nl.sogyo.mancala.Bowl.<init>(Bowl.java:20)
	at nl.sogyo.mancala.Bowl.<init>(Bowl.java:20)
	at nl.sogyo.mancala.Bowl.<init>(Bowl.java:20)
	at nl.sogyo.mancala.Bowl.<init>(Bowl.java:20)
	at nl.sogyo.mancala.Bowl.<init>(Bowl.java:20)
	at nl.sogyo.mancala.Bowl.<init>(Bowl.java:20)
	at nl.sogyo.mancala.Bowl.<init>(Bowl.java:20)
	at nl.sogyo.mancala.Bowl.<init>(Bowl.java:20)
	at nl.sogyo.mancala.Bowl.<init>(Bowl.java:20)
	at nl.sogyo.mancala.Bowl.<init>(Bowl.java:20)
	at nl.sogyo.mancala.Bowl.<init>(Bowl.java:20)
	at nl.sogyo.mancala.Bowl.<init>(Bowl.java:20)
	at nl.sogyo.mancala.Bowl.<init>(Bowl.java:20)
	at nl.sogyo.mancala.Bowl.<init>(Bowl.java:20)
	at nl.sogyo.mancala.Bowl.<init>(Bowl.java:20)
	at nl.sogyo.mancala.Bowl.<init>(Bowl.java:20)
	at nl.sogyo.mancala.Bowl.<init>(Bowl.java:20)
	at nl.sogyo.mancala.Bowl.<init>(Bowl.java:20)
	at nl.sogyo.mancala.Bowl.<init>(Bowl.java:20)
	at nl.sogyo.mancala.Bowl.<init>(Bowl.java:20)
	at nl.sogyo.mancala.Bowl.<init>(Bowl.java:20)
	at nl.sogyo.mancala.Bowl.<init>(Bowl.java:20)
	at nl.sogyo.mancala.Bowl.<init>(Bowl.java:20)
	at nl.sogyo.mancala.Bowl.<init>(Bowl.java:20)
	at nl.sogyo.mancala.Bowl.<init>(Bowl.java:20)
	at nl.sogyo.mancala.Bowl.<init>(Bowl.java:20)
	at nl.sogyo.mancala.Bowl.<init>(Bowl.java:20)
	at nl.sogyo.mancala.Bowl.<init>(Bowl.java:20)
	at nl.sogyo.mancala.Bowl.<init>(Bowl.java:20)
	at nl.sogyo.mancala.Bowl.<init>(Bowl.java:20)
	at nl.sogyo.mancala.Bowl.<init>(Bowl.java:20)
	at nl.sogyo.mancala.Bowl.<init>(Bowl.java:20)
	at nl.sogyo.mancala.Bowl.<init>(Bowl.java:20)
	at nl.sogyo.mancala.Bowl.<init>(Bowl.java:20)
	at nl.sogyo.mancala.Bowl.<init>(Bowl.java:20)
	at nl.sogyo.mancala.Bowl.<init>(Bowl.java:20)
	at nl.sogyo.mancala.Bowl.<init>(Bowl.java:20)
	at nl.sogyo.mancala.Bowl.<init>(Bowl.java:20)
	at nl.sogyo.mancala.Bowl.<init>(Bowl.java:20)
	at nl.sogyo.mancala.Bowl.<init>(Bowl.java:20)

testPlayerChangeIfRoundEndsInBowl(nl.sogyo.mancala.domain.MancalaTest)  Time elapsed: 0.02 sec  <<< ERROR!
java.lang.StackOverflowError
	at nl.sogyo.mancala.Bowl.<init>(Bowl.java:20)
	at nl.sogyo.mancala.Bowl.<init>(Bowl.java:20)
	at nl.sogyo.mancala.Bowl.<init>(Bowl.java:20)
	at nl.sogyo.mancala.Bowl.<init>(Bowl.java:20)
	at nl.sogyo.mancala.Bowl.<init>(Bowl.java:20)
	at nl.sogyo.mancala.Bowl.<init>(Bowl.java:20)
	at nl.sogyo.mancala.Bowl.<init>(Bowl.java:20)
	at nl.sogyo.mancala.Bowl.<init>(Bowl.java:20)
	at nl.sogyo.mancala.Bowl.<init>(Bowl.java:20)
	at nl.sogyo.mancala.Bowl.<init>(Bowl.java:20)
	at nl.sogyo.mancala.Bowl.<init>(Bowl.java:20)
	at nl.sogyo.mancala.Bowl.<init>(Bowl.java:20)
	at nl.sogyo.mancala.Bowl.<init>(Bowl.java:20)
	at nl.sogyo.mancala.Bowl.<init>(Bowl.java:20)
	at nl.sogyo.mancala.Bowl.<init>(Bowl.java:20)
	at nl.sogyo.mancala.Bowl.<init>(Bowl.java:20)
	at nl.sogyo.mancala.Bowl.<init>(Bowl.java:20)
	at nl.sogyo.mancala.Bowl.<init>(Bowl.java:20)
	at nl.sogyo.mancala.Bowl.<init>(Bowl.java:20)
	at nl.sogyo.mancala.Bowl.<init>(Bowl.java:20)
	at nl.sogyo.mancala.Bowl.<init>(Bowl.java:20)
	at nl.sogyo.mancala.Bowl.<init>(Bowl.java:20)
	at nl.sogyo.mancala.Bowl.<init>(Bowl.java:20)
	at nl.sogyo.mancala.Bowl.<init>(Bowl.java:20)
	at nl.sogyo.mancala.Bowl.<init>(Bowl.java:20)
	at nl.sogyo.mancala.Bowl.<init>(Bowl.java:20)
	at nl.sogyo.mancala.Bowl.<init>(Bowl.java:20)
	at nl.sogyo.mancala.Bowl.<init>(Bowl.java:20)
	at nl.sogyo.mancala.Bowl.<init>(Bowl.java:20)
	at nl.sogyo.mancala.Bowl.<init>(Bowl.java:20)
	at nl.sogyo.mancala.Bowl.<init>(Bowl.java:20)
	at nl.sogyo.mancala.Bowl.<init>(Bowl.java:20)
	at nl.sogyo.mancala.Bowl.<init>(Bowl.java:20)
	at nl.sogyo.mancala.Bowl.<init>(Bowl.java:20)
	at nl.sogyo.mancala.Bowl.<init>(Bowl.java:20)
	at nl.sogyo.mancala.Bowl.<init>(Bowl.java:20)
	at nl.sogyo.mancala.Bowl.<init>(Bowl.java:20)
	at nl.sogyo.mancala.Bowl.<init>(Bowl.java:20)
	at nl.sogyo.mancala.Bowl.<init>(Bowl.java:20)
	at nl.sogyo.mancala.Bowl.<init>(Bowl.java:20)
	at nl.sogyo.mancala.Bowl.<init>(Bowl.java:20)
	at nl.sogyo.mancala.Bowl.<init>(Bowl.java:20)
	at nl.sogyo.mancala.Bowl.<init>(Bowl.java:20)
	at nl.sogyo.mancala.Bowl.<init>(Bowl.java:20)
	at nl.sogyo.mancala.Bowl.<init>(Bowl.java:20)
	at nl.sogyo.mancala.Bowl.<init>(Bowl.java:20)
	at nl.sogyo.mancala.Bowl.<init>(Bowl.java:20)
	at nl.sogyo.mancala.Bowl.<init>(Bowl.java:20)
	at nl.sogyo.mancala.Bowl.<init>(Bowl.java:20)
	at nl.sogyo.mancala.Bowl.<init>(Bowl.java:20)
	at nl.sogyo.mancala.Bowl.<init>(Bowl.java:20)
	at nl.sogyo.mancala.Bowl.<init>(Bowl.java:20)
	at nl.sogyo.mancala.Bowl.<init>(Bowl.java:20)
	at nl.sogyo.mancala.Bowl.<init>(Bowl.java:20)
	at nl.sogyo.mancala.Bowl.<init>(Bowl.java:20)
	at nl.sogyo.mancala.Bowl.<init>(Bowl.java:20)
	at nl.sogyo.mancala.Bowl.<init>(Bowl.java:20)
	at nl.sogyo.mancala.Bowl.<init>(Bowl.java:20)
	at nl.sogyo.mancala.Bowl.<init>(Bowl.java:20)
	at nl.sogyo.mancala.Bowl.<init>(Bowl.java:20)
	at nl.sogyo.mancala.Bowl.<init>(Bowl.java:20)
	at nl.sogyo.mancala.Bowl.<init>(Bowl.java:20)
	at nl.sogyo.mancala.Bowl.<init>(Bowl.java:20)
	at nl.sogyo.mancala.Bowl.<init>(Bowl.java:20)
	at nl.sogyo.mancala.Bowl.<init>(Bowl.java:20)
	at nl.sogyo.mancala.Bowl.<init>(Bowl.java:20)
	at nl.sogyo.mancala.Bowl.<init>(Bowl.java:20)
	at nl.sogyo.mancala.Bowl.<init>(Bowl.java:20)
	at nl.sogyo.mancala.Bowl.<init>(Bowl.java:20)
	at nl.sogyo.mancala.Bowl.<init>(Bowl.java:20)
	at nl.sogyo.mancala.Bowl.<init>(Bowl.java:20)
	at nl.sogyo.mancala.Bowl.<init>(Bowl.java:20)
	at nl.sogyo.mancala.Bowl.<init>(Bowl.java:20)
	at nl.sogyo.mancala.Bowl.<init>(Bowl.java:20)
	at nl.sogyo.mancala.Bowl.<init>(Bowl.java:20)
	at nl.sogyo.mancala.Bowl.<init>(Bowl.java:20)
	at nl.sogyo.mancala.Bowl.<init>(Bowl.java:20)
	at nl.sogyo.mancala.Bowl.<init>(Bowl.java:20)
	at nl.sogyo.mancala.Bowl.<init>(Bowl.java:20)
	at nl.sogyo.mancala.Bowl.<init>(Bowl.java:20)
	at nl.sogyo.mancala.Bowl.<init>(Bowl.java:20)
	at nl.sogyo.mancala.Bowl.<init>(Bowl.java:20)
	at nl.sogyo.mancala.Bowl.<init>(Bowl.java:20)
	at nl.sogyo.mancala.Bowl.<init>(Bowl.java:20)
	at nl.sogyo.mancala.Bowl.<init>(Bowl.java:20)
	at nl.sogyo.mancala.Bowl.<init>(Bowl.java:20)
	at nl.sogyo.mancala.Bowl.<init>(Bowl.java:20)
	at nl.sogyo.mancala.Bowl.<init>(Bowl.java:20)
	at nl.sogyo.mancala.Bowl.<init>(Bowl.java:20)
	at nl.sogyo.mancala.Bowl.<init>(Bowl.java:20)
	at nl.sogyo.mancala.Bowl.<init>(Bowl.java:20)
	at nl.sogyo.mancala.Bowl.<init>(Bowl.java:20)
	at nl.sogyo.mancala.Bowl.<init>(Bowl.java:20)
	at nl.sogyo.mancala.Bowl.<init>(Bowl.java:20)
	at nl.sogyo.mancala.Bowl.<init>(Bowl.java:20)
	at nl.sogyo.mancala.Bowl.<init>(Bowl.java:20)
	at nl.sogyo.mancala.Bowl.<init>(Bowl.java:20)
	at nl.sogyo.mancala.Bowl.<init>(Bowl.java:20)
	at nl.sogyo.mancala.Bowl.<init>(Bowl.java:20)
	at nl.sogyo.mancala.Bowl.<init>(Bowl.java:20)
	at nl.sogyo.mancala.Bowl.<init>(Bowl.java:20)
	at nl.sogyo.mancala.Bowl.<init>(Bowl.java:20)
	at nl.sogyo.mancala.Bowl.<init>(Bowl.java:20)
	at nl.sogyo.mancala.Bowl.<init>(Bowl.java:20)
	at nl.sogyo.mancala.Bowl.<init>(Bowl.java:20)
	at nl.sogyo.mancala.Bowl.<init>(Bowl.java:20)
	at nl.sogyo.mancala.Bowl.<init>(Bowl.java:20)
	at nl.sogyo.mancala.Bowl.<init>(Bowl.java:20)
	at nl.sogyo.mancala.Bowl.<init>(Bowl.java:20)
	at nl.sogyo.mancala.Bowl.<init>(Bowl.java:20)
	at nl.sogyo.mancala.Bowl.<init>(Bowl.java:20)
	at nl.sogyo.mancala.Bowl.<init>(Bowl.java:20)
	at nl.sogyo.mancala.Bowl.<init>(Bowl.java:20)
	at nl.sogyo.mancala.Bowl.<init>(Bowl.java:20)
	at nl.sogyo.mancala.Bowl.<init>(Bowl.java:20)
	at nl.sogyo.mancala.Bowl.<init>(Bowl.java:20)
	at nl.sogyo.mancala.Bowl.<init>(Bowl.java:20)
	at nl.sogyo.mancala.Bowl.<init>(Bowl.java:20)
	at nl.sogyo.mancala.Bowl.<init>(Bowl.java:20)
	at nl.sogyo.mancala.Bowl.<init>(Bowl.java:20)
	at nl.sogyo.mancala.Bowl.<init>(Bowl.java:20)
	at nl.sogyo.mancala.Bowl.<init>(Bowl.java:20)
	at nl.sogyo.mancala.Bowl.<init>(Bowl.java:20)
	at nl.sogyo.mancala.Bowl.<init>(Bowl.java:20)
	at nl.sogyo.mancala.Bowl.<init>(Bowl.java:20)
	at nl.sogyo.mancala.Bowl.<init>(Bowl.java:20)
	at nl.sogyo.mancala.Bowl.<init>(Bowl.java:20)
	at nl.sogyo.mancala.Bowl.<init>(Bowl.java:20)
	at nl.sogyo.mancala.Bowl.<init>(Bowl.java:20)
	at nl.sogyo.mancala.Bowl.<init>(Bowl.java:20)
	at nl.sogyo.mancala.Bowl.<init>(Bowl.java:20)
	at nl.sogyo.mancala.Bowl.<init>(Bowl.java:20)
	at nl.sogyo.mancala.Bowl.<init>(Bowl.java:20)
	at nl.sogyo.mancala.Bowl.<init>(Bowl.java:20)
	at nl.sogyo.mancala.Bowl.<init>(Bowl.java:20)
	at nl.sogyo.mancala.Bowl.<init>(Bowl.java:20)
	at nl.sogyo.mancala.Bowl.<init>(Bowl.java:20)
	at nl.sogyo.mancala.Bowl.<init>(Bowl.java:20)
	at nl.sogyo.mancala.Bowl.<init>(Bowl.java:20)
	at nl.sogyo.mancala.Bowl.<init>(Bowl.java:20)
	at nl.sogyo.mancala.Bowl.<init>(Bowl.java:20)
	at nl.sogyo.mancala.Bowl.<init>(Bowl.java:20)
	at nl.sogyo.mancala.Bowl.<init>(Bowl.java:20)
	at nl.sogyo.mancala.Bowl.<init>(Bowl.java:20)
	at nl.sogyo.mancala.Bowl.<init>(Bowl.java:20)
	at nl.sogyo.mancala.Bowl.<init>(Bowl.java:20)
	at nl.sogyo.mancala.Bowl.<init>(Bowl.java:20)
	at nl.sogyo.mancala.Bowl.<init>(Bowl.java:20)
	at nl.sogyo.mancala.Bowl.<init>(Bowl.java:20)
	at nl.sogyo.mancala.Bowl.<init>(Bowl.java:20)
	at nl.sogyo.mancala.Bowl.<init>(Bowl.java:20)
	at nl.sogyo.mancala.Bowl.<init>(Bowl.java:20)
	at nl.sogyo.mancala.Bowl.<init>(Bowl.java:20)
	at nl.sogyo.mancala.Bowl.<init>(Bowl.java:20)
	at nl.sogyo.mancala.Bowl.<init>(Bowl.java:20)
	at nl.sogyo.mancala.Bowl.<init>(Bowl.java:20)
	at nl.sogyo.mancala.Bowl.<init>(Bowl.java:20)
	at nl.sogyo.mancala.Bowl.<init>(Bowl.java:20)
	at nl.sogyo.mancala.Bowl.<init>(Bowl.java:20)
	at nl.sogyo.mancala.Bowl.<init>(Bowl.java:20)
	at nl.sogyo.mancala.Bowl.<init>(Bowl.java:20)
	at nl.sogyo.mancala.Bowl.<init>(Bowl.java:20)
	at nl.sogyo.mancala.Bowl.<init>(Bowl.java:20)
	at nl.sogyo.mancala.Bowl.<init>(Bowl.java:20)
	at nl.sogyo.mancala.Bowl.<init>(Bowl.java:20)
	at nl.sogyo.mancala.Bowl.<init>(Bowl.java:20)
	at nl.sogyo.mancala.Bowl.<init>(Bowl.java:20)
	at nl.sogyo.mancala.Bowl.<init>(Bowl.java:20)
	at nl.sogyo.mancala.Bowl.<init>(Bowl.java:20)
	at nl.sogyo.mancala.Bowl.<init>(Bowl.java:20)
	at nl.sogyo.mancala.Bowl.<init>(Bowl.java:20)
	at nl.sogyo.mancala.Bowl.<init>(Bowl.java:20)
	at nl.sogyo.mancala.Bowl.<init>(Bowl.java:20)
	at nl.sogyo.mancala.Bowl.<init>(Bowl.java:20)
	at nl.sogyo.mancala.Bowl.<init>(Bowl.java:20)
	at nl.sogyo.mancala.Bowl.<init>(Bowl.java:20)
	at nl.sogyo.mancala.Bowl.<init>(Bowl.java:20)
	at nl.sogyo.mancala.Bowl.<init>(Bowl.java:20)
	at nl.sogyo.mancala.Bowl.<init>(Bowl.java:20)
	at nl.sogyo.mancala.Bowl.<init>(Bowl.java:20)
	at nl.sogyo.mancala.Bowl.<init>(Bowl.java:20)
	at nl.sogyo.mancala.Bowl.<init>(Bowl.java:20)
	at nl.sogyo.mancala.Bowl.<init>(Bowl.java:20)
	at nl.sogyo.mancala.Bowl.<init>(Bowl.java:20)
	at nl.sogyo.mancala.Bowl.<init>(Bowl.java:20)
	at nl.sogyo.mancala.Bowl.<init>(Bowl.java:20)
	at nl.sogyo.mancala.Bowl.<init>(Bowl.java:20)
	at nl.sogyo.mancala.Bowl.<init>(Bowl.java:20)
	at nl.sogyo.mancala.Bowl.<init>(Bowl.java:20)
	at nl.sogyo.mancala.Bowl.<init>(Bowl.java:20)
	at nl.sogyo.mancala.Bowl.<init>(Bowl.java:20)
	at nl.sogyo.mancala.Bowl.<init>(Bowl.java:20)
	at nl.sogyo.mancala.Bowl.<init>(Bowl.java:20)
	at nl.sogyo.mancala.Bowl.<init>(Bowl.java:20)
	at nl.sogyo.mancala.Bowl.<init>(Bowl.java:20)
	at nl.sogyo.mancala.Bowl.<init>(Bowl.java:20)
	at nl.sogyo.mancala.Bowl.<init>(Bowl.java:20)
	at nl.sogyo.mancala.Bowl.<init>(Bowl.java:20)
	at nl.sogyo.mancala.Bowl.<init>(Bowl.java:20)
	at nl.sogyo.mancala.Bowl.<init>(Bowl.java:20)
	at nl.sogyo.mancala.Bowl.<init>(Bowl.java:20)
	at nl.sogyo.mancala.Bowl.<init>(Bowl.java:20)
	at nl.sogyo.mancala.Bowl.<init>(Bowl.java:20)
	at nl.sogyo.mancala.Bowl.<init>(Bowl.java:20)
	at nl.sogyo.mancala.Bowl.<init>(Bowl.java:20)
	at nl.sogyo.mancala.Bowl.<init>(Bowl.java:20)
	at nl.sogyo.mancala.Bowl.<init>(Bowl.java:20)
	at nl.sogyo.mancala.Bowl.<init>(Bowl.java:20)
	at nl.sogyo.mancala.Bowl.<init>(Bowl.java:20)
	at nl.sogyo.mancala.Bowl.<init>(Bowl.java:20)
	at nl.sogyo.mancala.Bowl.<init>(Bowl.java:20)
	at nl.sogyo.mancala.Bowl.<init>(Bowl.java:20)
	at nl.sogyo.mancala.Bowl.<init>(Bowl.java:20)
	at nl.sogyo.mancala.Bowl.<init>(Bowl.java:20)
	at nl.sogyo.mancala.Bowl.<init>(Bowl.java:20)
	at nl.sogyo.mancala.Bowl.<init>(Bowl.java:20)
	at nl.sogyo.mancala.Bowl.<init>(Bowl.java:20)
	at nl.sogyo.mancala.Bowl.<init>(Bowl.java:20)
	at nl.sogyo.mancala.Bowl.<init>(Bowl.java:20)
	at nl.sogyo.mancala.Bowl.<init>(Bowl.java:20)
	at nl.sogyo.mancala.Bowl.<init>(Bowl.java:20)
	at nl.sogyo.mancala.Bowl.<init>(Bowl.java:20)
	at nl.sogyo.mancala.Bowl.<init>(Bowl.java:20)
	at nl.sogyo.mancala.Bowl.<init>(Bowl.java:20)
	at nl.sogyo.mancala.Bowl.<init>(Bowl.java:20)
	at nl.sogyo.mancala.Bowl.<init>(Bowl.java:20)
	at nl.sogyo.mancala.Bowl.<init>(Bowl.java:20)
	at nl.sogyo.mancala.Bowl.<init>(Bowl.java:20)
	at nl.sogyo.mancala.Bowl.<init>(Bowl.java:20)
	at nl.sogyo.mancala.Bowl.<init>(Bowl.java:20)
	at nl.sogyo.mancala.Bowl.<init>(Bowl.java:20)
	at nl.sogyo.mancala.Bowl.<init>(Bowl.java:20)
	at nl.sogyo.mancala.Bowl.<init>(Bowl.java:20)
	at nl.sogyo.mancala.Bowl.<init>(Bowl.java:20)
	at nl.sogyo.mancala.Bowl.<init>(Bowl.java:20)
	at nl.sogyo.mancala.Bowl.<init>(Bowl.java:20)
	at nl.sogyo.mancala.Bowl.<init>(Bowl.java:20)
	at nl.sogyo.mancala.Bowl.<init>(Bowl.java:20)
	at nl.sogyo.mancala.Bowl.<init>(Bowl.java:20)
	at nl.sogyo.mancala.Bowl.<init>(Bowl.java:20)
	at nl.sogyo.mancala.Bowl.<init>(Bowl.java:20)
	at nl.sogyo.mancala.Bowl.<init>(Bowl.java:20)
	at nl.sogyo.mancala.Bowl.<init>(Bowl.java:20)
	at nl.sogyo.mancala.Bowl.<init>(Bowl.java:20)
	at nl.sogyo.mancala.Bowl.<init>(Bowl.java:20)
	at nl.sogyo.mancala.Bowl.<init>(Bowl.java:20)
	at nl.sogyo.mancala.Bowl.<init>(Bowl.java:20)
	at nl.sogyo.mancala.Bowl.<init>(Bowl.java:20)
	at nl.sogyo.mancala.Bowl.<init>(Bowl.java:20)
	at nl.sogyo.mancala.Bowl.<init>(Bowl.java:20)
	at nl.sogyo.mancala.Bowl.<init>(Bowl.java:20)
	at nl.sogyo.mancala.Bowl.<init>(Bowl.java:20)
	at nl.sogyo.mancala.Bowl.<init>(Bowl.java:20)
	at nl.sogyo.mancala.Bowl.<init>(Bowl.java:20)
	at nl.sogyo.mancala.Bowl.<init>(Bowl.java:20)
	at nl.sogyo.mancala.Bowl.<init>(Bowl.java:20)
	at nl.sogyo.mancala.Bowl.<init>(Bowl.java:20)
	at nl.sogyo.mancala.Bowl.<init>(Bowl.java:20)
	at nl.sogyo.mancala.Bowl.<init>(Bowl.java:20)
	at nl.sogyo.mancala.Bowl.<init>(Bowl.java:20)
	at nl.sogyo.mancala.Bowl.<init>(Bowl.java:20)
	at nl.sogyo.mancala.Bowl.<init>(Bowl.java:20)
	at nl.sogyo.mancala.Bowl.<init>(Bowl.java:20)
	at nl.sogyo.mancala.Bowl.<init>(Bowl.java:20)
	at nl.sogyo.mancala.Bowl.<init>(Bowl.java:20)
	at nl.sogyo.mancala.Bowl.<init>(Bowl.java:20)
	at nl.sogyo.mancala.Bowl.<init>(Bowl.java:20)
	at nl.sogyo.mancala.Bowl.<init>(Bowl.java:20)
	at nl.sogyo.mancala.Bowl.<init>(Bowl.java:20)
	at nl.sogyo.mancala.Bowl.<init>(Bowl.java:20)
	at nl.sogyo.mancala.Bowl.<init>(Bowl.java:20)
	at nl.sogyo.mancala.Bowl.<init>(Bowl.java:20)
	at nl.sogyo.mancala.Bowl.<init>(Bowl.java:20)
	at nl.sogyo.mancala.Bowl.<init>(Bowl.java:20)
	at nl.sogyo.mancala.Bowl.<init>(Bowl.java:20)
	at nl.sogyo.mancala.Bowl.<init>(Bowl.java:20)
	at nl.sogyo.mancala.Bowl.<init>(Bowl.java:20)
	at nl.sogyo.mancala.Bowl.<init>(Bowl.java:20)
	at nl.sogyo.mancala.Bowl.<init>(Bowl.java:20)
	at nl.sogyo.mancala.Bowl.<init>(Bowl.java:20)
	at nl.sogyo.mancala.Bowl.<init>(Bowl.java:20)
	at nl.sogyo.mancala.Bowl.<init>(Bowl.java:20)
	at nl.sogyo.mancala.Bowl.<init>(Bowl.java:20)
	at nl.sogyo.mancala.Bowl.<init>(Bowl.java:20)
	at nl.sogyo.mancala.Bowl.<init>(Bowl.java:20)
	at nl.sogyo.mancala.Bowl.<init>(Bowl.java:20)
	at nl.sogyo.mancala.Bowl.<init>(Bowl.java:20)
	at nl.sogyo.mancala.Bowl.<init>(Bowl.java:20)
	at nl.sogyo.mancala.Bowl.<init>(Bowl.java:20)
	at nl.sogyo.mancala.Bowl.<init>(Bowl.java:20)
	at nl.sogyo.mancala.Bowl.<init>(Bowl.java:20)
	at nl.sogyo.mancala.Bowl.<init>(Bowl.java:20)
	at nl.sogyo.mancala.Bowl.<init>(Bowl.java:20)
	at nl.sogyo.mancala.Bowl.<init>(Bowl.java:20)
	at nl.sogyo.mancala.Bowl.<init>(Bowl.java:20)
	at nl.sogyo.mancala.Bowl.<init>(Bowl.java:20)
	at nl.sogyo.mancala.Bowl.<init>(Bowl.java:20)
	at nl.sogyo.mancala.Bowl.<init>(Bowl.java:20)
	at nl.sogyo.mancala.Bowl.<init>(Bowl.java:20)
	at nl.sogyo.mancala.Bowl.<init>(Bowl.java:20)
	at nl.sogyo.mancala.Bowl.<init>(Bowl.java:20)
	at nl.sogyo.mancala.Bowl.<init>(Bowl.java:20)
	at nl.sogyo.mancala.Bowl.<init>(Bowl.java:20)
	at nl.sogyo.mancala.Bowl.<init>(Bowl.java:20)
	at nl.sogyo.mancala.Bowl.<init>(Bowl.java:20)
	at nl.sogyo.mancala.Bowl.<init>(Bowl.java:20)
	at nl.sogyo.mancala.Bowl.<init>(Bowl.java:20)
	at nl.sogyo.mancala.Bowl.<init>(Bowl.java:20)
	at nl.sogyo.mancala.Bowl.<init>(Bowl.java:20)
	at nl.sogyo.mancala.Bowl.<init>(Bowl.java:20)
	at nl.sogyo.mancala.Bowl.<init>(Bowl.java:20)
	at nl.sogyo.mancala.Bowl.<init>(Bowl.java:20)
	at nl.sogyo.mancala.Bowl.<init>(Bowl.java:20)
	at nl.sogyo.mancala.Bowl.<init>(Bowl.java:20)
	at nl.sogyo.mancala.Bowl.<init>(Bowl.java:20)
	at nl.sogyo.mancala.Bowl.<init>(Bowl.java:20)
	at nl.sogyo.mancala.Bowl.<init>(Bowl.java:20)
	at nl.sogyo.mancala.Bowl.<init>(Bowl.java:20)
	at nl.sogyo.mancala.Bowl.<init>(Bowl.java:20)
	at nl.sogyo.mancala.Bowl.<init>(Bowl.java:20)
	at nl.sogyo.mancala.Bowl.<init>(Bowl.java:20)
	at nl.sogyo.mancala.Bowl.<init>(Bowl.java:20)
	at nl.sogyo.mancala.Bowl.<init>(Bowl.java:20)
	at nl.sogyo.mancala.Bowl.<init>(Bowl.java:20)
	at nl.sogyo.mancala.Bowl.<init>(Bowl.java:20)
	at nl.sogyo.mancala.Bowl.<init>(Bowl.java:20)
	at nl.sogyo.mancala.Bowl.<init>(Bowl.java:20)
	at nl.sogyo.mancala.Bowl.<init>(Bowl.java:20)
	at nl.sogyo.mancala.Bowl.<init>(Bowl.java:20)
	at nl.sogyo.mancala.Bowl.<init>(Bowl.java:20)
	at nl.sogyo.mancala.Bowl.<init>(Bowl.java:20)
	at nl.sogyo.mancala.Bowl.<init>(Bowl.java:20)
	at nl.sogyo.mancala.Bowl.<init>(Bowl.java:20)
	at nl.sogyo.mancala.Bowl.<init>(Bowl.java:20)
	at nl.sogyo.mancala.Bowl.<init>(Bowl.java:20)
	at nl.sogyo.mancala.Bowl.<init>(Bowl.java:20)
	at nl.sogyo.mancala.Bowl.<init>(Bowl.java:20)
	at nl.sogyo.mancala.Bowl.<init>(Bowl.java:20)
	at nl.sogyo.mancala.Bowl.<init>(Bowl.java:20)
	at nl.sogyo.mancala.Bowl.<init>(Bowl.java:20)
	at nl.sogyo.mancala.Bowl.<init>(Bowl.java:20)
	at nl.sogyo.mancala.Bowl.<init>(Bowl.java:20)
	at nl.sogyo.mancala.Bowl.<init>(Bowl.java:20)
	at nl.sogyo.mancala.Bowl.<init>(Bowl.java:20)
	at nl.sogyo.mancala.Bowl.<init>(Bowl.java:20)
	at nl.sogyo.mancala.Bowl.<init>(Bowl.java:20)
	at nl.sogyo.mancala.Bowl.<init>(Bowl.java:20)
	at nl.sogyo.mancala.Bowl.<init>(Bowl.java:20)
	at nl.sogyo.mancala.Bowl.<init>(Bowl.java:20)
	at nl.sogyo.mancala.Bowl.<init>(Bowl.java:20)
	at nl.sogyo.mancala.Bowl.<init>(Bowl.java:20)
	at nl.sogyo.mancala.Bowl.<init>(Bowl.java:20)
	at nl.sogyo.mancala.Bowl.<init>(Bowl.java:20)
	at nl.sogyo.mancala.Bowl.<init>(Bowl.java:20)
	at nl.sogyo.mancala.Bowl.<init>(Bowl.java:20)
	at nl.sogyo.mancala.Bowl.<init>(Bowl.java:20)
	at nl.sogyo.mancala.Bowl.<init>(Bowl.java:20)
	at nl.sogyo.mancala.Bowl.<init>(Bowl.java:20)
	at nl.sogyo.mancala.Bowl.<init>(Bowl.java:20)
	at nl.sogyo.mancala.Bowl.<init>(Bowl.java:20)
	at nl.sogyo.mancala.Bowl.<init>(Bowl.java:20)
	at nl.sogyo.mancala.Bowl.<init>(Bowl.java:20)
	at nl.sogyo.mancala.Bowl.<init>(Bowl.java:20)
	at nl.sogyo.mancala.Bowl.<init>(Bowl.java:20)
	at nl.sogyo.mancala.Bowl.<init>(Bowl.java:20)
	at nl.sogyo.mancala.Bowl.<init>(Bowl.java:20)
	at nl.sogyo.mancala.Bowl.<init>(Bowl.java:20)
	at nl.sogyo.mancala.Bowl.<init>(Bowl.java:20)
	at nl.sogyo.mancala.Bowl.<init>(Bowl.java:20)
	at nl.sogyo.mancala.Bowl.<init>(Bowl.java:20)
	at nl.sogyo.mancala.Bowl.<init>(Bowl.java:20)
	at nl.sogyo.mancala.Bowl.<init>(Bowl.java:20)
	at nl.sogyo.mancala.Bowl.<init>(Bowl.java:20)
	at nl.sogyo.mancala.Bowl.<init>(Bowl.java:20)
	at nl.sogyo.mancala.Bowl.<init>(Bowl.java:20)
	at nl.sogyo.mancala.Bowl.<init>(Bowl.java:20)
	at nl.sogyo.mancala.Bowl.<init>(Bowl.java:20)
	at nl.sogyo.mancala.Bowl.<init>(Bowl.java:20)
	at nl.sogyo.mancala.Bowl.<init>(Bowl.java:20)
	at nl.sogyo.mancala.Bowl.<init>(Bowl.java:20)
	at nl.sogyo.mancala.Bowl.<init>(Bowl.java:20)
	at nl.sogyo.mancala.Bowl.<init>(Bowl.java:20)
	at nl.sogyo.mancala.Bowl.<init>(Bowl.java:20)
	at nl.sogyo.mancala.Bowl.<init>(Bowl.java:20)
	at nl.sogyo.mancala.Bowl.<init>(Bowl.java:20)
	at nl.sogyo.mancala.Bowl.<init>(Bowl.java:20)
	at nl.sogyo.mancala.Bowl.<init>(Bowl.java:20)
	at nl.sogyo.mancala.Bowl.<init>(Bowl.java:20)
	at nl.sogyo.mancala.Bowl.<init>(Bowl.java:20)
	at nl.sogyo.mancala.Bowl.<init>(Bowl.java:20)
	at nl.sogyo.mancala.Bowl.<init>(Bowl.java:20)
	at nl.sogyo.mancala.Bowl.<init>(Bowl.java:20)
	at nl.sogyo.mancala.Bowl.<init>(Bowl.java:20)
	at nl.sogyo.mancala.Bowl.<init>(Bowl.java:20)
	at nl.sogyo.mancala.Bowl.<init>(Bowl.java:20)
	at nl.sogyo.mancala.Bowl.<init>(Bowl.java:20)
	at nl.sogyo.mancala.Bowl.<init>(Bowl.java:20)
	at nl.sogyo.mancala.Bowl.<init>(Bowl.java:20)
	at nl.sogyo.mancala.Bowl.<init>(Bowl.java:20)
	at nl.sogyo.mancala.Bowl.<init>(Bowl.java:20)
	at nl.sogyo.mancala.Bowl.<init>(Bowl.java:20)
	at nl.sogyo.mancala.Bowl.<init>(Bowl.java:20)
	at nl.sogyo.mancala.Bowl.<init>(Bowl.java:20)
	at nl.sogyo.mancala.Bowl.<init>(Bowl.java:20)
	at nl.sogyo.mancala.Bowl.<init>(Bowl.java:20)
	at nl.sogyo.mancala.Bowl.<init>(Bowl.java:20)
	at nl.sogyo.mancala.Bowl.<init>(Bowl.java:20)
	at nl.sogyo.mancala.Bowl.<init>(Bowl.java:20)
	at nl.sogyo.mancala.Bowl.<init>(Bowl.java:20)
	at nl.sogyo.mancala.Bowl.<init>(Bowl.java:20)
	at nl.sogyo.mancala.Bowl.<init>(Bowl.java:20)
	at nl.sogyo.mancala.Bowl.<init>(Bowl.java:20)
	at nl.sogyo.mancala.Bowl.<init>(Bowl.java:20)
	at nl.sogyo.mancala.Bowl.<init>(Bowl.java:20)
	at nl.sogyo.mancala.Bowl.<init>(Bowl.java:20)
	at nl.sogyo.mancala.Bowl.<init>(Bowl.java:20)
	at nl.sogyo.mancala.Bowl.<init>(Bowl.java:20)
	at nl.sogyo.mancala.Bowl.<init>(Bowl.java:20)
	at nl.sogyo.mancala.Bowl.<init>(Bowl.java:20)
	at nl.sogyo.mancala.Bowl.<init>(Bowl.java:20)
	at nl.sogyo.mancala.Bowl.<init>(Bowl.java:20)
	at nl.sogyo.mancala.Bowl.<init>(Bowl.java:20)
	at nl.sogyo.mancala.Bowl.<init>(Bowl.java:20)
	at nl.sogyo.mancala.Bowl.<init>(Bowl.java:20)
	at nl.sogyo.mancala.Bowl.<init>(Bowl.java:20)
	at nl.sogyo.mancala.Bowl.<init>(Bowl.java:20)
	at nl.sogyo.mancala.Bowl.<init>(Bowl.java:20)
	at nl.sogyo.mancala.Bowl.<init>(Bowl.java:20)
	at nl.sogyo.mancala.Bowl.<init>(Bowl.java:20)
	at nl.sogyo.mancala.Bowl.<init>(Bowl.java:20)
	at nl.sogyo.mancala.Bowl.<init>(Bowl.java:20)
	at nl.sogyo.mancala.Bowl.<init>(Bowl.java:20)
	at nl.sogyo.mancala.Bowl.<init>(Bowl.java:20)
	at nl.sogyo.mancala.Bowl.<init>(Bowl.java:20)
	at nl.sogyo.mancala.Bowl.<init>(Bowl.java:20)
	at nl.sogyo.mancala.Bowl.<init>(Bowl.java:20)
	at nl.sogyo.mancala.Bowl.<init>(Bowl.java:20)
	at nl.sogyo.mancala.Bowl.<init>(Bowl.java:20)
	at nl.sogyo.mancala.Bowl.<init>(Bowl.java:20)
	at nl.sogyo.mancala.Bowl.<init>(Bowl.java:20)
	at nl.sogyo.mancala.Bowl.<init>(Bowl.java:20)
	at nl.sogyo.mancala.Bowl.<init>(Bowl.java:20)
	at nl.sogyo.mancala.Bowl.<init>(Bowl.java:20)
	at nl.sogyo.mancala.Bowl.<init>(Bowl.java:20)
	at nl.sogyo.mancala.Bowl.<init>(Bowl.java:20)
	at nl.sogyo.mancala.Bowl.<init>(Bowl.java:20)
	at nl.sogyo.mancala.Bowl.<init>(Bowl.java:20)
	at nl.sogyo.mancala.Bowl.<init>(Bowl.java:20)
	at nl.sogyo.mancala.Bowl.<init>(Bowl.java:20)
	at nl.sogyo.mancala.Bowl.<init>(Bowl.java:20)
	at nl.sogyo.mancala.Bowl.<init>(Bowl.java:20)
	at nl.sogyo.mancala.Bowl.<init>(Bowl.java:20)
	at nl.sogyo.mancala.Bowl.<init>(Bowl.java:20)
	at nl.sogyo.mancala.Bowl.<init>(Bowl.java:20)
	at nl.sogyo.mancala.Bowl.<init>(Bowl.java:20)
	at nl.sogyo.mancala.Bowl.<init>(Bowl.java:20)
	at nl.sogyo.mancala.Bowl.<init>(Bowl.java:20)
	at nl.sogyo.mancala.Bowl.<init>(Bowl.java:20)
	at nl.sogyo.mancala.Bowl.<init>(Bowl.java:20)
	at nl.sogyo.mancala.Bowl.<init>(Bowl.java:20)
	at nl.sogyo.mancala.Bowl.<init>(Bowl.java:20)
	at nl.sogyo.mancala.Bowl.<init>(Bowl.java:20)
	at nl.sogyo.mancala.Bowl.<init>(Bowl.java:20)
	at nl.sogyo.mancala.Bowl.<init>(Bowl.java:20)
	at nl.sogyo.mancala.Bowl.<init>(Bowl.java:20)
	at nl.sogyo.mancala.Bowl.<init>(Bowl.java:20)
	at nl.sogyo.mancala.Bowl.<init>(Bowl.java:20)
	at nl.sogyo.mancala.Bowl.<init>(Bowl.java:20)
	at nl.sogyo.mancala.Bowl.<init>(Bowl.java:20)
	at nl.sogyo.mancala.Bowl.<init>(Bowl.java:20)
	at nl.sogyo.mancala.Bowl.<init>(Bowl.java:20)
	at nl.sogyo.mancala.Bowl.<init>(Bowl.java:20)
	at nl.sogyo.mancala.Bowl.<init>(Bowl.java:20)
	at nl.sogyo.mancala.Bowl.<init>(Bowl.java:20)
	at nl.sogyo.mancala.Bowl.<init>(Bowl.java:20)
	at nl.sogyo.mancala.Bowl.<init>(Bowl.java:20)
	at nl.sogyo.mancala.Bowl.<init>(Bowl.java:20)
	at nl.sogyo.mancala.Bowl.<init>(Bowl.java:20)
	at nl.sogyo.mancala.Bowl.<init>(Bowl.java:20)
	at nl.sogyo.mancala.Bowl.<init>(Bowl.java:20)
	at nl.sogyo.mancala.Bowl.<init>(Bowl.java:20)
	at nl.sogyo.mancala.Bowl.<init>(Bowl.java:20)
	at nl.sogyo.mancala.Bowl.<init>(Bowl.java:20)
	at nl.sogyo.mancala.Bowl.<init>(Bowl.java:20)
	at nl.sogyo.mancala.Bowl.<init>(Bowl.java:20)
	at nl.sogyo.mancala.Bowl.<init>(Bowl.java:20)
	at nl.sogyo.mancala.Bowl.<init>(Bowl.java:20)
	at nl.sogyo.mancala.Bowl.<init>(Bowl.java:20)
	at nl.sogyo.mancala.Bowl.<init>(Bowl.java:20)
	at nl.sogyo.mancala.Bowl.<init>(Bowl.java:20)
	at nl.sogyo.mancala.Bowl.<init>(Bowl.java:20)
	at nl.sogyo.mancala.Bowl.<init>(Bowl.java:20)
	at nl.sogyo.mancala.Bowl.<init>(Bowl.java:20)
	at nl.sogyo.mancala.Bowl.<init>(Bowl.java:20)
	at nl.sogyo.mancala.Bowl.<init>(Bowl.java:20)
	at nl.sogyo.mancala.Bowl.<init>(Bowl.java:20)
	at nl.sogyo.mancala.Bowl.<init>(Bowl.java:20)
	at nl.sogyo.mancala.Bowl.<init>(Bowl.java:20)
	at nl.sogyo.mancala.Bowl.<init>(Bowl.java:20)
	at nl.sogyo.mancala.Bowl.<init>(Bowl.java:20)
	at nl.sogyo.mancala.Bowl.<init>(Bowl.java:20)
	at nl.sogyo.mancala.Bowl.<init>(Bowl.java:20)
	at nl.sogyo.mancala.Bowl.<init>(Bowl.java:20)
	at nl.sogyo.mancala.Bowl.<init>(Bowl.java:20)
	at nl.sogyo.mancala.Bowl.<init>(Bowl.java:20)
	at nl.sogyo.mancala.Bowl.<init>(Bowl.java:20)
	at nl.sogyo.mancala.Bowl.<init>(Bowl.java:20)
	at nl.sogyo.mancala.Bowl.<init>(Bowl.java:20)
	at nl.sogyo.mancala.Bowl.<init>(Bowl.java:20)
	at nl.sogyo.mancala.Bowl.<init>(Bowl.java:20)
	at nl.sogyo.mancala.Bowl.<init>(Bowl.java:20)
	at nl.sogyo.mancala.Bowl.<init>(Bowl.java:20)
	at nl.sogyo.mancala.Bowl.<init>(Bowl.java:20)
	at nl.sogyo.mancala.Bowl.<init>(Bowl.java:20)
	at nl.sogyo.mancala.Bowl.<init>(Bowl.java:20)
	at nl.sogyo.mancala.Bowl.<init>(Bowl.java:20)
	at nl.sogyo.mancala.Bowl.<init>(Bowl.java:20)
	at nl.sogyo.mancala.Bowl.<init>(Bowl.java:20)
	at nl.sogyo.mancala.Bowl.<init>(Bowl.java:20)
	at nl.sogyo.mancala.Bowl.<init>(Bowl.java:20)
	at nl.sogyo.mancala.Bowl.<init>(Bowl.java:20)
	at nl.sogyo.mancala.Bowl.<init>(Bowl.java:20)
	at nl.sogyo.mancala.Bowl.<init>(Bowl.java:20)
	at nl.sogyo.mancala.Bowl.<init>(Bowl.java:20)
	at nl.sogyo.mancala.Bowl.<init>(Bowl.java:20)
	at nl.sogyo.mancala.Bowl.<init>(Bowl.java:20)
	at nl.sogyo.mancala.Bowl.<init>(Bowl.java:20)
	at nl.sogyo.mancala.Bowl.<init>(Bowl.java:20)
	at nl.sogyo.mancala.Bowl.<init>(Bowl.java:20)
	at nl.sogyo.mancala.Bowl.<init>(Bowl.java:20)
	at nl.sogyo.mancala.Bowl.<init>(Bowl.java:20)
	at nl.sogyo.mancala.Bowl.<init>(Bowl.java:20)
	at nl.sogyo.mancala.Bowl.<init>(Bowl.java:20)
	at nl.sogyo.mancala.Bowl.<init>(Bowl.java:20)
	at nl.sogyo.mancala.Bowl.<init>(Bowl.java:20)
	at nl.sogyo.mancala.Bowl.<init>(Bowl.java:20)
	at nl.sogyo.mancala.Bowl.<init>(Bowl.java:20)
	at nl.sogyo.mancala.Bowl.<init>(Bowl.java:20)
	at nl.sogyo.mancala.Bowl.<init>(Bowl.java:20)
	at nl.sogyo.mancala.Bowl.<init>(Bowl.java:20)
	at nl.sogyo.mancala.Bowl.<init>(Bowl.java:20)
	at nl.sogyo.mancala.Bowl.<init>(Bowl.java:20)
	at nl.sogyo.mancala.Bowl.<init>(Bowl.java:20)
	at nl.sogyo.mancala.Bowl.<init>(Bowl.java:20)
	at nl.sogyo.mancala.Bowl.<init>(Bowl.java:20)
	at nl.sogyo.mancala.Bowl.<init>(Bowl.java:20)
	at nl.sogyo.mancala.Bowl.<init>(Bowl.java:20)
	at nl.sogyo.mancala.Bowl.<init>(Bowl.java:20)
	at nl.sogyo.mancala.Bowl.<init>(Bowl.java:20)
	at nl.sogyo.mancala.Bowl.<init>(Bowl.java:20)
	at nl.sogyo.mancala.Bowl.<init>(Bowl.java:20)
	at nl.sogyo.mancala.Bowl.<init>(Bowl.java:20)
	at nl.sogyo.mancala.Bowl.<init>(Bowl.java:20)
	at nl.sogyo.mancala.Bowl.<init>(Bowl.java:20)
	at nl.sogyo.mancala.Bowl.<init>(Bowl.java:20)
	at nl.sogyo.mancala.Bowl.<init>(Bowl.java:20)
	at nl.sogyo.mancala.Bowl.<init>(Bowl.java:20)
	at nl.sogyo.mancala.Bowl.<init>(Bowl.java:20)
	at nl.sogyo.mancala.Bowl.<init>(Bowl.java:20)
	at nl.sogyo.mancala.Bowl.<init>(Bowl.java:20)
	at nl.sogyo.mancala.Bowl.<init>(Bowl.java:20)
	at nl.sogyo.mancala.Bowl.<init>(Bowl.java:20)
	at nl.sogyo.mancala.Bowl.<init>(Bowl.java:20)
	at nl.sogyo.mancala.Bowl.<init>(Bowl.java:20)
	at nl.sogyo.mancala.Bowl.<init>(Bowl.java:20)
	at nl.sogyo.mancala.Bowl.<init>(Bowl.java:20)
	at nl.sogyo.mancala.Bowl.<init>(Bowl.java:20)
	at nl.sogyo.mancala.Bowl.<init>(Bowl.java:20)
	at nl.sogyo.mancala.Bowl.<init>(Bowl.java:20)
	at nl.sogyo.mancala.Bowl.<init>(Bowl.java:20)
	at nl.sogyo.mancala.Bowl.<init>(Bowl.java:20)
	at nl.sogyo.mancala.Bowl.<init>(Bowl.java:20)
	at nl.sogyo.mancala.Bowl.<init>(Bowl.java:20)
	at nl.sogyo.mancala.Bowl.<init>(Bowl.java:20)
	at nl.sogyo.mancala.Bowl.<init>(Bowl.java:20)
	at nl.sogyo.mancala.Bowl.<init>(Bowl.java:20)
	at nl.sogyo.mancala.Bowl.<init>(Bowl.java:20)
	at nl.sogyo.mancala.Bowl.<init>(Bowl.java:20)
	at nl.sogyo.mancala.Bowl.<init>(Bowl.java:20)
	at nl.sogyo.mancala.Bowl.<init>(Bowl.java:20)
	at nl.sogyo.mancala.Bowl.<init>(Bowl.java:20)
	at nl.sogyo.mancala.Bowl.<init>(Bowl.java:20)
	at nl.sogyo.mancala.Bowl.<init>(Bowl.java:20)
	at nl.sogyo.mancala.Bowl.<init>(Bowl.java:20)
	at nl.sogyo.mancala.Bowl.<init>(Bowl.java:20)
	at nl.sogyo.mancala.Bowl.<init>(Bowl.java:20)
	at nl.sogyo.mancala.Bowl.<init>(Bowl.java:20)
	at nl.sogyo.mancala.Bowl.<init>(Bowl.java:20)
	at nl.sogyo.mancala.Bowl.<init>(Bowl.java:20)
	at nl.sogyo.mancala.Bowl.<init>(Bowl.java:20)
	at nl.sogyo.mancala.Bowl.<init>(Bowl.java:20)
	at nl.sogyo.mancala.Bowl.<init>(Bowl.java:20)
	at nl.sogyo.mancala.Bowl.<init>(Bowl.java:20)
	at nl.sogyo.mancala.Bowl.<init>(Bowl.java:20)
	at nl.sogyo.mancala.Bowl.<init>(Bowl.java:20)
	at nl.sogyo.mancala.Bowl.<init>(Bowl.java:20)
	at nl.sogyo.mancala.Bowl.<init>(Bowl.java:20)
	at nl.sogyo.mancala.Bowl.<init>(Bowl.java:20)
	at nl.sogyo.mancala.Bowl.<init>(Bowl.java:20)
	at nl.sogyo.mancala.Bowl.<init>(Bowl.java:20)
	at nl.sogyo.mancala.Bowl.<init>(Bowl.java:20)
	at nl.sogyo.mancala.Bowl.<init>(Bowl.java:20)
	at nl.sogyo.mancala.Bowl.<init>(Bowl.java:20)
	at nl.sogyo.mancala.Bowl.<init>(Bowl.java:20)
	at nl.sogyo.mancala.Bowl.<init>(Bowl.java:20)
	at nl.sogyo.mancala.Bowl.<init>(Bowl.java:20)
	at nl.sogyo.mancala.Bowl.<init>(Bowl.java:20)
	at nl.sogyo.mancala.Bowl.<init>(Bowl.java:20)
	at nl.sogyo.mancala.Bowl.<init>(Bowl.java:20)
	at nl.sogyo.mancala.Bowl.<init>(Bowl.java:20)
	at nl.sogyo.mancala.Bowl.<init>(Bowl.java:20)
	at nl.sogyo.mancala.Bowl.<init>(Bowl.java:20)
	at nl.sogyo.mancala.Bowl.<init>(Bowl.java:20)
	at nl.sogyo.mancala.Bowl.<init>(Bowl.java:20)
	at nl.sogyo.mancala.Bowl.<init>(Bowl.java:20)
	at nl.sogyo.mancala.Bowl.<init>(Bowl.java:20)
	at nl.sogyo.mancala.Bowl.<init>(Bowl.java:20)
	at nl.sogyo.mancala.Bowl.<init>(Bowl.java:20)
	at nl.sogyo.mancala.Bowl.<init>(Bowl.java:20)
	at nl.sogyo.mancala.Bowl.<init>(Bowl.java:20)
	at nl.sogyo.mancala.Bowl.<init>(Bowl.java:20)
	at nl.sogyo.mancala.Bowl.<init>(Bowl.java:20)
	at nl.sogyo.mancala.Bowl.<init>(Bowl.java:20)
	at nl.sogyo.mancala.Bowl.<init>(Bowl.java:20)
	at nl.sogyo.mancala.Bowl.<init>(Bowl.java:20)
	at nl.sogyo.mancala.Bowl.<init>(Bowl.java:20)
	at nl.sogyo.mancala.Bowl.<init>(Bowl.java:20)
	at nl.sogyo.mancala.Bowl.<init>(Bowl.java:20)
	at nl.sogyo.mancala.Bowl.<init>(Bowl.java:20)
	at nl.sogyo.mancala.Bowl.<init>(Bowl.java:20)
	at nl.sogyo.mancala.Bowl.<init>(Bowl.java:20)
	at nl.sogyo.mancala.Bowl.<init>(Bowl.java:20)
	at nl.sogyo.mancala.Bowl.<init>(Bowl.java:20)
	at nl.sogyo.mancala.Bowl.<init>(Bowl.java:20)
	at nl.sogyo.mancala.Bowl.<init>(Bowl.java:20)
	at nl.sogyo.mancala.Bowl.<init>(Bowl.java:20)
	at nl.sogyo.mancala.Bowl.<init>(Bowl.java:20)
	at nl.sogyo.mancala.Bowl.<init>(Bowl.java:20)
	at nl.sogyo.mancala.Bowl.<init>(Bowl.java:20)
	at nl.sogyo.mancala.Bowl.<init>(Bowl.java:20)
	at nl.sogyo.mancala.Bowl.<init>(Bowl.java:20)
	at nl.sogyo.mancala.Bowl.<init>(Bowl.java:20)
	at nl.sogyo.mancala.Bowl.<init>(Bowl.java:20)
	at nl.sogyo.mancala.Bowl.<init>(Bowl.java:20)
	at nl.sogyo.mancala.Bowl.<init>(Bowl.java:20)
	at nl.sogyo.mancala.Bowl.<init>(Bowl.java:20)
	at nl.sogyo.mancala.Bowl.<init>(Bowl.java:20)
	at nl.sogyo.mancala.Bowl.<init>(Bowl.java:20)
	at nl.sogyo.mancala.Bowl.<init>(Bowl.java:20)
	at nl.sogyo.mancala.Bowl.<init>(Bowl.java:20)
	at nl.sogyo.mancala.Bowl.<init>(Bowl.java:20)
	at nl.sogyo.mancala.Bowl.<init>(Bowl.java:20)
	at nl.sogyo.mancala.Bowl.<init>(Bowl.java:20)
	at nl.sogyo.mancala.Bowl.<init>(Bowl.java:20)
	at nl.sogyo.mancala.Bowl.<init>(Bowl.java:20)
	at nl.sogyo.mancala.Bowl.<init>(Bowl.java:20)
	at nl.sogyo.mancala.Bowl.<init>(Bowl.java:20)
	at nl.sogyo.mancala.Bowl.<init>(Bowl.java:20)
	at nl.sogyo.mancala.Bowl.<init>(Bowl.java:20)
	at nl.sogyo.mancala.Bowl.<init>(Bowl.java:20)
	at nl.sogyo.mancala.Bowl.<init>(Bowl.java:20)
	at nl.sogyo.mancala.Bowl.<init>(Bowl.java:20)
	at nl.sogyo.mancala.Bowl.<init>(Bowl.java:20)
	at nl.sogyo.mancala.Bowl.<init>(Bowl.java:20)
	at nl.sogyo.mancala.Bowl.<init>(Bowl.java:20)
	at nl.sogyo.mancala.Bowl.<init>(Bowl.java:20)
[...]
	at nl.sogyo.mancala.Bowl.<init>(Bowl.java:20)
	at nl.sogyo.mancala.Bowl.<init>(Bowl.java:20)
	at nl.sogyo.mancala.Bowl.<init>(Bowl.java:20)
	at nl.sogyo.mancala.Bowl.<init>(Bowl.java:20)
	at nl.sogyo.mancala.Bowl.<init>(Bowl.java:20)
	at nl.sogyo.mancala.Bowl.<init>(Bowl.java:20)
	at nl.sogyo.mancala.Bowl.<init>(Bowl.java:20)
	at nl.sogyo.mancala.Bowl.<init>(Bowl.java:20)
	at nl.sogyo.mancala.Bowl.<init>(Bowl.java:20)
	at nl.sogyo.mancala.Bowl.<init>(Bowl.java:20)
	at nl.sogyo.mancala.Bowl.<init>(Bowl.java:20)
	at nl.sogyo.mancala.Bowl.<init>(Bowl.java:20)
	at nl.sogyo.mancala.Bowl.<init>(Bowl.java:20)
	at nl.sogyo.mancala.Bowl.<init>(Bowl.java:20)
	at nl.sogyo.mancala.Bowl.<init>(Bowl.java:20)
	at nl.sogyo.mancala.Bowl.<init>(Bowl.java:20)
	at nl.sogyo.mancala.Bowl.<init>(Bowl.java:20)
	at nl.sogyo.mancala.Bowl.<init>(Bowl.java:20)
	at nl.sogyo.mancala.Bowl.<init>(Bowl.java:20)
	at nl.sogyo.mancala.Bowl.<init>(Bowl.java:20)
	at nl.sogyo.mancala.Bowl.<init>(Bowl.java:20)
	at nl.sogyo.mancala.Bowl.<init>(Bowl.java:20)
	at nl.sogyo.mancala.Bowl.<init>(Bowl.java:20)
	at nl.sogyo.mancala.Bowl.<init>(Bowl.java:20)
	at nl.sogyo.mancala.Bowl.<init>(Bowl.java:20)
	at nl.sogyo.mancala.Bowl.<init>(Bowl.java:20)
	at nl.sogyo.mancala.Bowl.<init>(Bowl.java:20)
	at nl.sogyo.mancala.Bowl.<init>(Bowl.java:20)
	at nl.sogyo.mancala.Bowl.<init>(Bowl.java:20)
	at nl.sogyo.mancala.Bowl.<init>(Bowl.java:20)
	at nl.sogyo.mancala.Bowl.<init>(Bowl.java:20)
	at nl.sogyo.mancala.Bowl.<init>(Bowl.java:20)
	at nl.sogyo.mancala.Bowl.<init>(Bowl.java:20)
	at nl.sogyo.mancala.Bowl.<init>(Bowl.java:20)
	at nl.sogyo.mancala.Bowl.<init>(Bowl.java:20)
	at nl.sogyo.mancala.Bowl.<init>(Bowl.java:20)
	at nl.sogyo.mancala.Bowl.<init>(Bowl.java:20)
	at nl.sogyo.mancala.Bowl.<init>(Bowl.java:20)
	at nl.sogyo.mancala.Bowl.<init>(Bowl.java:20)
	at nl.sogyo.mancala.Bowl.<init>(Bowl.java:20)
	at nl.sogyo.mancala.Bowl.<init>(Bowl.java:20)
	at nl.sogyo.mancala.Bowl.<init>(Bowl.java:20)
	at nl.sogyo.mancala.Bowl.<init>(Bowl.java:20)
	at nl.sogyo.mancala.Bowl.<init>(Bowl.java:20)
	at nl.sogyo.mancala.Bowl.<init>(Bowl.java:20)
	at nl.sogyo.mancala.Bowl.<init>(Bowl.java:20)
	at nl.sogyo.mancala.Bowl.<init>(Bowl.java:20)
	at nl.sogyo.mancala.Bowl.<init>(Bowl.java:20)
	at nl.sogyo.mancala.Bowl.<init>(Bowl.java:20)
	at nl.sogyo.mancala.Bowl.<init>(Bowl.java:20)
	at nl.sogyo.mancala.Bowl.<init>(Bowl.java:20)
	at nl.sogyo.mancala.Bowl.<init>(Bowl.java:20)
	at nl.sogyo.mancala.Bowl.<init>(Bowl.java:20)
	at nl.sogyo.mancala.Bowl.<init>(Bowl.java:20)
	at nl.sogyo.mancala.Bowl.<init>(Bowl.java:20)
	at nl.sogyo.mancala.Bowl.<init>(Bowl.java:20)
	at nl.sogyo.mancala.Bowl.<init>(Bowl.java:20)
	at nl.sogyo.mancala.Bowl.<init>(Bowl.java:20)
	at nl.sogyo.mancala.Bowl.<init>(Bowl.java:20)
	at nl.sogyo.mancala.Bowl.<init>(Bowl.java:20)
	at nl.sogyo.mancala.Bowl.<init>(Bowl.java:20)
	at nl.sogyo.mancala.Bowl.<init>(Bowl.java:20)
	at nl.sogyo.mancala.Bowl.<init>(Bowl.java:20)
	at nl.sogyo.mancala.Bowl.<init>(Bowl.java:20)
	at nl.sogyo.mancala.Bowl.<init>(Bowl.java:20)
	at nl.sogyo.mancala.Bowl.<init>(Bowl.java:20)
	at nl.sogyo.mancala.Bowl.<init>(Bowl.java:20)
	at nl.sogyo.mancala.Bowl.<init>(Bowl.java:20)
	at nl.sogyo.mancala.Bowl.<init>(Bowl.java:20)
	at nl.sogyo.mancala.Bowl.<init>(Bowl.java:20)
	at nl.sogyo.mancala.Bowl.<init>(Bowl.java:20)
	at nl.sogyo.mancala.Bowl.<init>(Bowl.java:20)
	at nl.sogyo.mancala.Bowl.<init>(Bowl.java:20)
	at nl.sogyo.mancala.Bowl.<init>(Bowl.java:20)
	at nl.sogyo.mancala.Bowl.<init>(Bowl.java:20)
	at nl.sogyo.mancala.Bowl.<init>(Bowl.java:20)
	at nl.sogyo.mancala.Bowl.<init>(Bowl.java:20)
	at nl.sogyo.mancala.Bowl.<init>(Bowl.java:20)
	at nl.sogyo.mancala.Bowl.<init>(Bowl.java:20)
	at nl.sogyo.mancala.Bowl.<init>(Bowl.java:20)
	at nl.sogyo.mancala.Bowl.<init>(Bowl.java:20)
	at nl.sogyo.mancala.Bowl.<init>(Bowl.java:20)
	at nl.sogyo.mancala.Bowl.<init>(Bowl.java:20)
	at nl.sogyo.mancala.Bowl.<init>(Bowl.java:20)
	at nl.sogyo.mancala.Bowl.<init>(Bowl.java:20)
	at nl.sogyo.mancala.Bowl.<init>(Bowl.java:20)
	at nl.sogyo.mancala.Bowl.<init>(Bowl.java:20)
	at nl.sogyo.mancala.Bowl.<init>(Bowl.java:20)
	at nl.sogyo.mancala.Bowl.<init>(Bowl.java:20)
	at nl.sogyo.mancala.Bowl.<init>(Bowl.java:20)
	at nl.sogyo.mancala.Bowl.<init>(Bowl.java:20)
	at nl.sogyo.mancala.Bowl.<init>(Bowl.java:20)
	at nl.sogyo.mancala.Bowl.<init>(Bowl.java:20)
	at nl.sogyo.mancala.Bowl.<init>(Bowl.java:20)
	at nl.sogyo.mancala.Bowl.<init>(Bowl.java:20)
	at nl.sogyo.mancala.Bowl.<init>(Bowl.java:20)
	at nl.sogyo.mancala.Bowl.<init>(Bowl.java:20)
	at nl.sogyo.mancala.Bowl.<init>(Bowl.java:20)
	at nl.sogyo.mancala.Bowl.<init>(Bowl.java:20)
	at nl.sogyo.mancala.Bowl.<init>(Bowl.java:20)
	at nl.sogyo.mancala.Bowl.<init>(Bowl.java:20)
	at nl.sogyo.mancala.Bowl.<init>(Bowl.java:20)
	at nl.sogyo.mancala.Bowl.<init>(Bowl.java:20)
	at nl.sogyo.mancala.Bowl.<init>(Bowl.java:20)
	at nl.sogyo.mancala.Bowl.<init>(Bowl.java:20)
	at nl.sogyo.mancala.Bowl.<init>(Bowl.java:20)
	at nl.sogyo.mancala.Bowl.<init>(Bowl.java:20)
	at nl.sogyo.mancala.Bowl.<init>(Bowl.java:20)
	at nl.sogyo.mancala.Bowl.<init>(Bowl.java:20)
	at nl.sogyo.mancala.Bowl.<init>(Bowl.java:20)
	at nl.sogyo.mancala.Bowl.<init>(Bowl.java:20)
	at nl.sogyo.mancala.Bowl.<init>(Bowl.java:20)
	at nl.sogyo.mancala.Bowl.<init>(Bowl.java:20)
	at nl.sogyo.mancala.Bowl.<init>(Bowl.java:20)
	at nl.sogyo.mancala.Bowl.<init>(Bowl.java:20)
	at nl.sogyo.mancala.Bowl.<init>(Bowl.java:20)
	at nl.sogyo.mancala.Bowl.<init>(Bowl.java:20)
	at nl.sogyo.mancala.Bowl.<init>(Bowl.java:20)
	at nl.sogyo.mancala.Bowl.<init>(Bowl.java:20)
	at nl.sogyo.mancala.Bowl.<init>(Bowl.java:20)
	at nl.sogyo.mancala.Bowl.<init>(Bowl.java:20)
	at nl.sogyo.mancala.Bowl.<init>(Bowl.java:20)
	at nl.sogyo.mancala.Bowl.<init>(Bowl.java:20)
	at nl.sogyo.mancala.Bowl.<init>(Bowl.java:20)
	at nl.sogyo.mancala.Bowl.<init>(Bowl.java:20)
	at nl.sogyo.mancala.Bowl.<init>(Bowl.java:20)
	at nl.sogyo.mancala.Bowl.<init>(Bowl.java:20)
	at nl.sogyo.mancala.Bowl.<init>(Bowl.java:20)
	at nl.sogyo.mancala.Bowl.<init>(Bowl.java:20)
	at nl.sogyo.mancala.Bowl.<init>(Bowl.java:20)
	at nl.sogyo.mancala.Bowl.<init>(Bowl.java:20)
	at nl.sogyo.mancala.Bowl.<init>(Bowl.java:20)
	at nl.sogyo.mancala.Bowl.<init>(Bowl.java:20)
	at nl.sogyo.mancala.Bowl.<init>(Bowl.java:20)
	at nl.sogyo.mancala.Bowl.<init>(Bowl.java:20)
	at nl.sogyo.mancala.Bowl.<init>(Bowl.java:20)
	at nl.sogyo.mancala.Bowl.<init>(Bowl.java:20)
	at nl.sogyo.mancala.Bowl.<init>(Bowl.java:20)
	at nl.sogyo.mancala.Bowl.<init>(Bowl.java:20)
	at nl.sogyo.mancala.Bowl.<init>(Bowl.java:20)
	at nl.sogyo.mancala.Bowl.<init>(Bowl.java:20)
	at nl.sogyo.mancala.Bowl.<init>(Bowl.java:20)
	at nl.sogyo.mancala.Bowl.<init>(Bowl.java:20)
	at nl.sogyo.mancala.Bowl.<init>(Bowl.java:20)
	at nl.sogyo.mancala.Bowl.<init>(Bowl.java:20)
	at nl.sogyo.mancala.Bowl.<init>(Bowl.java:20)
	at nl.sogyo.mancala.Bowl.<init>(Bowl.java:20)
	at nl.sogyo.mancala.Bowl.<init>(Bowl.java:20)
	at nl.sogyo.mancala.Bowl.<init>(Bowl.java:20)
	at nl.sogyo.mancala.Bowl.<init>(Bowl.java:20)
	at nl.sogyo.mancala.Bowl.<init>(Bowl.java:20)
	at nl.sogyo.mancala.Bowl.<init>(Bowl.java:20)
	at nl.sogyo.mancala.Bowl.<init>(Bowl.java:20)
	at nl.sogyo.mancala.Bowl.<init>(Bowl.java:20)
	at nl.sogyo.mancala.Bowl.<init>(Bowl.java:20)
	at nl.sogyo.mancala.Bowl.<init>(Bowl.java:20)
	at nl.sogyo.mancala.Bowl.<init>(Bowl.java:20)
	at nl.sogyo.mancala.Bowl.<init>(Bowl.java:20)
	at nl.sogyo.mancala.Bowl.<init>(Bowl.java:20)
	at nl.sogyo.mancala.Bowl.<init>(Bowl.java:20)
	at nl.sogyo.mancala.Bowl.<init>(Bowl.java:20)
	at nl.sogyo.mancala.Bowl.<init>(Bowl.java:20)
	at nl.sogyo.mancala.Bowl.<init>(Bowl.java:20)
	at nl.sogyo.mancala.Bowl.<init>(Bowl.java:20)
	at nl.sogyo.mancala.Bowl.<init>(Bowl.java:20)
	at nl.sogyo.mancala.Bowl.<init>(Bowl.java:20)
	at nl.sogyo.mancala.Bowl.<init>(Bowl.java:20)
	at nl.sogyo.mancala.Bowl.<init>(Bowl.java:20)
	at nl.sogyo.mancala.Bowl.<init>(Bowl.java:20)
	at nl.sogyo.mancala.Bowl.<init>(Bowl.java:20)
	at nl.sogyo.mancala.Bowl.<init>(Bowl.java:20)
	at nl.sogyo.mancala.Bowl.<init>(Bowl.java:20)
	at nl.sogyo.mancala.Bowl.<init>(Bowl.java:20)
	at nl.sogyo.mancala.Bowl.<init>(Bowl.java:20)
	at nl.sogyo.mancala.Bowl.<init>(Bowl.java:20)
	at nl.sogyo.mancala.Bowl.<init>(Bowl.java:20)
	at nl.sogyo.mancala.Bowl.<init>(Bowl.java:20)
	at nl.sogyo.mancala.Bowl.<init>(Bowl.java:20)
	at nl.sogyo.mancala.Bowl.<init>(Bowl.java:20)
	at nl.sogyo.mancala.Bowl.<init>(Bowl.java:20)
	at nl.sogyo.mancala.Bowl.<init>(Bowl.java:20)
	at nl.sogyo.mancala.Bowl.<init>(Bowl.java:20)
	at nl.sogyo.mancala.Bowl.<init>(Bowl.java:20)
	at nl.sogyo.mancala.Bowl.<init>(Bowl.java:20)
	at nl.sogyo.mancala.Bowl.<init>(Bowl.java:20)
	at nl.sogyo.mancala.Bowl.<init>(Bowl.java:20)
	at nl.sogyo.mancala.Bowl.<init>(Bowl.java:20)
	at nl.sogyo.mancala.Bowl.<init>(Bowl.java:20)
	at nl.sogyo.mancala.Bowl.<init>(Bowl.java:20)
	at nl.sogyo.mancala.Bowl.<init>(Bowl.java:20)
	at nl.sogyo.mancala.Bowl.<init>(Bowl.java:20)
	at nl.sogyo.mancala.Bowl.<init>(Bowl.java:20)
	at nl.sogyo.mancala.Bowl.<init>(Bowl.java:20)
	at nl.sogyo.mancala.Bowl.<init>(Bowl.java:20)
	at nl.sogyo.mancala.Bowl.<init>(Bowl.java:20)
	at nl.sogyo.mancala.Bowl.<init>(Bowl.java:20)
	at nl.sogyo.mancala.Bowl.<init>(Bowl.java:20)
	at nl.sogyo.mancala.Bowl.<init>(Bowl.java:20)
	at nl.sogyo.mancala.Bowl.<init>(Bowl.java:20)
	at nl.sogyo.mancala.Bowl.<init>(Bowl.java:20)
	at nl.sogyo.mancala.Bowl.<init>(Bowl.java:20)
	at nl.sogyo.mancala.Bowl.<init>(Bowl.java:20)
	at nl.sogyo.mancala.Bowl.<init>(Bowl.java:20)
	at nl.sogyo.mancala.Bowl.<init>(Bowl.java:20)
	at nl.sogyo.mancala.Bowl.<init>(Bowl.java:20)
	at nl.sogyo.mancala.Bowl.<init>(Bowl.java:20)
	at nl.sogyo.mancala.Bowl.<init>(Bowl.java:20)
	at nl.sogyo.mancala.Bowl.<init>(Bowl.java:20)
	at nl.sogyo.mancala.Bowl.<init>(Bowl.java:20)
	at nl.sogyo.mancala.Bowl.<init>(Bowl.java:20)
	at nl.sogyo.mancala.Bowl.<init>(Bowl.java:20)
	at nl.sogyo.mancala.Bowl.<init>(Bowl.java:20)
	at nl.sogyo.mancala.Bowl.<init>(Bowl.java:20)
	at nl.sogyo.mancala.Bowl.<init>(Bowl.java:20)
	at nl.sogyo.mancala.Bowl.<init>(Bowl.java:20)
	at nl.sogyo.mancala.Bowl.<init>(Bowl.java:20)
	at nl.sogyo.mancala.Bowl.<init>(Bowl.java:20)
	at nl.sogyo.mancala.Bowl.<init>(Bowl.java:20)
	at nl.sogyo.mancala.Bowl.<init>(Bowl.java:20)
	at nl.sogyo.mancala.Bowl.<init>(Bowl.java:20)
	at nl.sogyo.mancala.Bowl.<init>(Bowl.java:20)
	at nl.sogyo.mancala.Bowl.<init>(Bowl.java:20)
	at nl.sogyo.mancala.Bowl.<init>(Bowl.java:20)
	at nl.sogyo.mancala.Bowl.<init>(Bowl.java:20)
	at nl.sogyo.mancala.Bowl.<init>(Bowl.java:20)
	at nl.sogyo.mancala.Bowl.<init>(Bowl.java:20)
	at nl.sogyo.mancala.Bowl.<init>(Bowl.java:20)
	at nl.sogyo.mancala.Bowl.<init>(Bowl.java:20)
	at nl.sogyo.mancala.Bowl.<init>(Bowl.java:20)
	at nl.sogyo.mancala.Bowl.<init>(Bowl.java:20)
	at nl.sogyo.mancala.Bowl.<init>(Bowl.java:20)
	at nl.sogyo.mancala.Bowl.<init>(Bowl.java:20)
	at nl.sogyo.mancala.Bowl.<init>(Bowl.java:20)
	at nl.sogyo.mancala.Bowl.<init>(Bowl.java:20)
	at nl.sogyo.mancala.Bowl.<init>(Bowl.java:20)
	at nl.sogyo.mancala.Bowl.<init>(Bowl.java:20)
	at nl.sogyo.mancala.Bowl.<init>(Bowl.java:20)
	at nl.sogyo.mancala.Bowl.<init>(Bowl.java:20)
	at nl.sogyo.mancala.Bowl.<init>(Bowl.java:20)
	at nl.sogyo.mancala.Bowl.<init>(Bowl.java:20)
	at nl.sogyo.mancala.Bowl.<init>(Bowl.java:20)
	at nl.sogyo.mancala.Bowl.<init>(Bowl.java:20)
	at nl.sogyo.mancala.Bowl.<init>(Bowl.java:20)
	at nl.sogyo.mancala.Bowl.<init>(Bowl.java:20)
	at nl.sogyo.mancala.Bowl.<init>(Bowl.java:20)
	at nl.sogyo.mancala.Bowl.<init>(Bowl.java:20)
	at nl.sogyo.mancala.Bowl.<init>(Bowl.java:20)
	at nl.sogyo.mancala.Bowl.<init>(Bowl.java:20)
	at nl.sogyo.mancala.Bowl.<init>(Bowl.java:20)
	at nl.sogyo.mancala.Bowl.<init>(Bowl.java:20)
	at nl.sogyo.mancala.Bowl.<init>(Bowl.java:20)
	at nl.sogyo.mancala.Bowl.<init>(Bowl.java:20)
	at nl.sogyo.mancala.Bowl.<init>(Bowl.java:20)
	at nl.sogyo.mancala.Bowl.<init>(Bowl.java:20)
	at nl.sogyo.mancala.Bowl.<init>(Bowl.java:20)
	at nl.sogyo.mancala.Bowl.<init>(Bowl.java:20)
	at nl.sogyo.mancala.Bowl.<init>(Bowl.java:20)
	at nl.sogyo.mancala.Bowl.<init>(Bowl.java:20)
	at nl.sogyo.mancala.Bowl.<init>(Bowl.java:20)
	at nl.sogyo.mancala.Bowl.<init>(Bowl.java:20)
	at nl.sogyo.mancala.Bowl.<init>(Bowl.java:20)
	at nl.sogyo.mancala.Bowl.<init>(Bowl.java:20)
	at nl.sogyo.mancala.Bowl.<init>(Bowl.java:20)
	at nl.sogyo.mancala.Bowl.<init>(Bowl.java:20)
	at nl.sogyo.mancala.Bowl.<init>(Bowl.java:20)
	at nl.sogyo.mancala.Bowl.<init>(Bowl.java:20)
	at nl.sogyo.mancala.Bowl.<init>(Bowl.java:20)
	at nl.sogyo.mancala.Bowl.<init>(Bowl.java:20)
	at nl.sogyo.mancala.Bowl.<init>(Bowl.java:20)
	at nl.sogyo.mancala.Bowl.<init>(Bowl.java:20)
	at nl.sogyo.mancala.Bowl.<init>(Bowl.java:20)
	at nl.sogyo.mancala.Bowl.<init>(Bowl.java:20)
	at nl.sogyo.mancala.Bowl.<init>(Bowl.java:20)
	at nl.sogyo.mancala.Bowl.<init>(Bowl.java:20)
	at nl.sogyo.mancala.Bowl.<init>(Bowl.java:20)
	at nl.sogyo.mancala.Bowl.<init>(Bowl.java:20)
	at nl.sogyo.mancala.Bowl.<init>(Bowl.java:20)
	at nl.sogyo.mancala.Bowl.<init>(Bowl.java:20)
	at nl.sogyo.mancala.Bowl.<init>(Bowl.java:20)
	at nl.sogyo.mancala.Bowl.<init>(Bowl.java:20)
	at nl.sogyo.mancala.Bowl.<init>(Bowl.java:20)
	at nl.sogyo.mancala.Bowl.<init>(Bowl.java:20)
	at nl.sogyo.mancala.Bowl.<init>(Bowl.java:20)
	at nl.sogyo.mancala.Bowl.<init>(Bowl.java:20)
	at nl.sogyo.mancala.Bowl.<init>(Bowl.java:20)
	at nl.sogyo.mancala.Bowl.<init>(Bowl.java:20)
	at nl.sogyo.mancala.Bowl.<init>(Bowl.java:20)
	at nl.sogyo.mancala.Bowl.<init>(Bowl.java:20)
	at nl.sogyo.mancala.Bowl.<init>(Bowl.java:20)
	at nl.sogyo.mancala.Bowl.<init>(Bowl.java:20)
	at nl.sogyo.mancala.Bowl.<init>(Bowl.java:20)
	at nl.sogyo.mancala.Bowl.<init>(Bowl.java:20)
	at nl.sogyo.mancala.Bowl.<init>(Bowl.java:20)
	at nl.sogyo.mancala.Bowl.<init>(Bowl.java:20)
	at nl.sogyo.mancala.Bowl.<init>(Bowl.java:20)
	at nl.sogyo.mancala.Bowl.<init>(Bowl.java:20)
	at nl.sogyo.mancala.Bowl.<init>(Bowl.java:20)
	at nl.sogyo.mancala.Bowl.<init>(Bowl.java:20)
	at nl.sogyo.mancala.Bowl.<init>(Bowl.java:20)
	at nl.sogyo.mancala.Bowl.<init>(Bowl.java:20)
	at nl.sogyo.mancala.Bowl.<init>(Bowl.java:20)
	at nl.sogyo.mancala.Bowl.<init>(Bowl.java:20)
	at nl.sogyo.mancala.Bowl.<init>(Bowl.java:20)
	at nl.sogyo.mancala.Bowl.<init>(Bowl.java:20)
	at nl.sogyo.mancala.Bowl.<init>(Bowl.java:20)
	at nl.sogyo.mancala.Bowl.<init>(Bowl.java:20)
	at nl.sogyo.mancala.Bowl.<init>(Bowl.java:20)
	at nl.sogyo.mancala.Bowl.<init>(Bowl.java:20)
	at nl.sogyo.mancala.Bowl.<init>(Bowl.java:20)
	at nl.sogyo.mancala.Bowl.<init>(Bowl.java:20)
	at nl.sogyo.mancala.Bowl.<init>(Bowl.java:20)
	at nl.sogyo.mancala.Bowl.<init>(Bowl.java:20)
	at nl.sogyo.mancala.Bowl.<init>(Bowl.java:20)
	at nl.sogyo.mancala.Bowl.<init>(Bowl.java:20)
	at nl.sogyo.mancala.Bowl.<init>(Bowl.java:20)
	at nl.sogyo.mancala.Bowl.<init>(Bowl.java:20)
	at nl.sogyo.mancala.Bowl.<init>(Bowl.java:20)
	at nl.sogyo.mancala.Bowl.<init>(Bowl.java:20)
	at nl.sogyo.mancala.Bowl.<init>(Bowl.java:20)
	at nl.sogyo.mancala.Bowl.<init>(Bowl.java:20)
	at nl.sogyo.mancala.Bowl.<init>(Bowl.java:20)
	at nl.sogyo.mancala.Bowl.<init>(Bowl.java:20)
	at nl.sogyo.mancala.Bowl.<init>(Bowl.java:20)
	at nl.sogyo.mancala.Bowl.<init>(Bowl.java:20)
	at nl.sogyo.mancala.Bowl.<init>(Bowl.java:20)
	at nl.sogyo.mancala.Bowl.<init>(Bowl.java:20)
	at nl.sogyo.mancala.Bowl.<init>(Bowl.java:20)
	at nl.sogyo.mancala.Bowl.<init>(Bowl.java:20)
	at nl.sogyo.mancala.Bowl.<init>(Bowl.java:20)
	at nl.sogyo.mancala.Bowl.<init>(Bowl.java:20)
	at nl.sogyo.mancala.Bowl.<init>(Bowl.java:20)
	at nl.sogyo.mancala.Bowl.<init>(Bowl.java:20)
	at nl.sogyo.mancala.Bowl.<init>(Bowl.java:20)
	at nl.sogyo.mancala.Bowl.<init>(Bowl.java:20)
	at nl.sogyo.mancala.Bowl.<init>(Bowl.java:20)
	at nl.sogyo.mancala.Bowl.<init>(Bowl.java:20)
	at nl.sogyo.mancala.Bowl.<init>(Bowl.java:20)
	at nl.sogyo.mancala.Bowl.<init>(Bowl.java:20)
	at nl.sogyo.mancala.Bowl.<init>(Bowl.java:20)
	at nl.sogyo.mancala.Bowl.<init>(Bowl.java:20)
	at nl.sogyo.mancala.Bowl.<init>(Bowl.java:20)
	at nl.sogyo.mancala.Bowl.<init>(Bowl.java:20)
	at nl.sogyo.mancala.Bowl.<init>(Bowl.java:20)
	at nl.sogyo.mancala.Bowl.<init>(Bowl.java:20)
	at nl.sogyo.mancala.Bowl.<init>(Bowl.java:20)
	at nl.sogyo.mancala.Bowl.<init>(Bowl.java:20)
	at nl.sogyo.mancala.Bowl.<init>(Bowl.java:20)
	at nl.sogyo.mancala.Bowl.<init>(Bowl.java:20)
	at nl.sogyo.mancala.Bowl.<init>(Bowl.java:20)
	at nl.sogyo.mancala.Bowl.<init>(Bowl.java:20)
	at nl.sogyo.mancala.Bowl.<init>(Bowl.java:20)
	at nl.sogyo.mancala.Bowl.<init>(Bowl.java:20)
	at nl.sogyo.mancala.Bowl.<init>(Bowl.java:20)
	at nl.sogyo.mancala.Bowl.<init>(Bowl.java:20)
	at nl.sogyo.mancala.Bowl.<init>(Bowl.java:20)
	at nl.sogyo.mancala.Bowl.<init>(Bowl.java:20)
	at nl.sogyo.mancala.Bowl.<init>(Bowl.java:20)
	at nl.sogyo.mancala.Bowl.<init>(Bowl.java:20)
	at nl.sogyo.mancala.Bowl.<init>(Bowl.java:20)
	at nl.sogyo.mancala.Bowl.<init>(Bowl.java:20)
	at nl.sogyo.mancala.Bowl.<init>(Bowl.java:20)
	at nl.sogyo.mancala.Bowl.<init>(Bowl.java:20)
	at nl.sogyo.mancala.Bowl.<init>(Bowl.java:20)
	at nl.sogyo.mancala.Bowl.<init>(Bowl.java:20)
	at nl.sogyo.mancala.Bowl.<init>(Bowl.java:20)
	at nl.sogyo.mancala.Bowl.<init>(Bowl.java:20)
	at nl.sogyo.mancala.Bowl.<init>(Bowl.java:20)
	at nl.sogyo.mancala.Bowl.<init>(Bowl.java:20)
	at nl.sogyo.mancala.Bowl.<init>(Bowl.java:20)
	at nl.sogyo.mancala.Bowl.<init>(Bowl.java:20)
	at nl.sogyo.mancala.Bowl.<init>(Bowl.java:20)
	at nl.sogyo.mancala.Bowl.<init>(Bowl.java:20)
	at nl.sogyo.mancala.Bowl.<init>(Bowl.java:20)
	at nl.sogyo.mancala.Bowl.<init>(Bowl.java:20)
	at nl.sogyo.mancala.Bowl.<init>(Bowl.java:20)
	at nl.sogyo.mancala.Bowl.<init>(Bowl.java:20)
	at nl.sogyo.mancala.Bowl.<init>(Bowl.java:20)
	at nl.sogyo.mancala.Bowl.<init>(Bowl.java:20)
	at nl.sogyo.mancala.Bowl.<init>(Bowl.java:20)
	at nl.sogyo.mancala.Bowl.<init>(Bowl.java:20)
	at nl.sogyo.mancala.Bowl.<init>(Bowl.java:20)
	at nl.sogyo.mancala.Bowl.<init>(Bowl.java:20)
	at nl.sogyo.mancala.Bowl.<init>(Bowl.java:20)
	at nl.sogyo.mancala.Bowl.<init>(Bowl.java:20)
	at nl.sogyo.mancala.Bowl.<init>(Bowl.java:20)
	at nl.sogyo.mancala.Bowl.<init>(Bowl.java:20)
	at nl.sogyo.mancala.Bowl.<init>(Bowl.java:20)
	at nl.sogyo.mancala.Bowl.<init>(Bowl.java:20)
	at nl.sogyo.mancala.Bowl.<init>(Bowl.java:20)
	at nl.sogyo.mancala.Bowl.<init>(Bowl.java:20)
	at nl.sogyo.mancala.Bowl.<init>(Bowl.java:20)
	at nl.sogyo.mancala.Bowl.<init>(Bowl.java:20)
	at nl.sogyo.mancala.Bowl.<init>(Bowl.java:20)
	at nl.sogyo.mancala.Bowl.<init>(Bowl.java:20)
	at nl.sogyo.mancala.Bowl.<init>(Bowl.java:20)
	at nl.sogyo.mancala.Bowl.<init>(Bowl.java:20)
	at nl.sogyo.mancala.Bowl.<init>(Bowl.java:20)
	at nl.sogyo.mancala.Bowl.<init>(Bowl.java:20)
	at nl.sogyo.mancala.Bowl.<init>(Bowl.java:20)
	at nl.sogyo.mancala.Bowl.<init>(Bowl.java:20)
	at nl.sogyo.mancala.Bowl.<init>(Bowl.java:20)
	at nl.sogyo.mancala.Bowl.<init>(Bowl.java:20)
	at nl.sogyo.mancala.Bowl.<init>(Bowl.java:20)
	at nl.sogyo.mancala.Bowl.<init>(Bowl.java:20)
	at nl.sogyo.mancala.Bowl.<init>(Bowl.java:20)
	at nl.sogyo.mancala.Bowl.<init>(Bowl.java:20)
	at nl.sogyo.mancala.Bowl.<init>(Bowl.java:20)
	at nl.sogyo.mancala.Bowl.<init>(Bowl.java:20)
	at nl.sogyo.mancala.Bowl.<init>(Bowl.java:20)
	at nl.sogyo.mancala.Bowl.<init>(Bowl.java:20)
	at nl.sogyo.mancala.Bowl.<init>(Bowl.java:20)
	at nl.sogyo.mancala.Bowl.<init>(Bowl.java:20)
	at nl.sogyo.mancala.Bowl.<init>(Bowl.java:20)
	at nl.sogyo.mancala.Bowl.<init>(Bowl.java:20)
	at nl.sogyo.mancala.Bowl.<init>(Bowl.java:20)
	at nl.sogyo.mancala.Bowl.<init>(Bowl.java:20)
	at nl.sogyo.mancala.Bowl.<init>(Bowl.java:20)
	at nl.sogyo.mancala.Bowl.<init>(Bowl.java:20)
	at nl.sogyo.mancala.Bowl.<init>(Bowl.java:20)
	at nl.sogyo.mancala.Bowl.<init>(Bowl.java:20)
	at nl.sogyo.mancala.Bowl.<init>(Bowl.java:20)
	at nl.sogyo.mancala.Bowl.<init>(Bowl.java:20)
	at nl.sogyo.mancala.Bowl.<init>(Bowl.java:20)
	at nl.sogyo.mancala.Bowl.<init>(Bowl.java:20)
	at nl.sogyo.mancala.Bowl.<init>(Bowl.java:20)

